Log file open, 04/17/19 02:46:45
LogWindows: Failed to load 'aqProf.dll' (GetLastError=126)
LogWindows: File 'aqProf.dll' does not exist
LogWindows: Failed to load 'VtuneApi.dll' (GetLastError=126)
LogWindows: File 'VtuneApi.dll' does not exist
LogWindows: Failed to load 'VtuneApi32e.dll' (GetLastError=126)
LogWindows: File 'VtuneApi32e.dll' does not exist
LogInit: Display: Running engine for game: Thieves
LogPlatformFile: Not using cached read wrapper
LogTaskGraph: Started task graph with 5 named threads and 23 total threads with 3 sets of task threads.
LogStats: Stats thread started at 0.380533
LogD3D11RHI: Loaded GFSDK_Aftermath_Lib.x64.dll
LogICUInternationalization: Display: ICU TimeZone Detection - Raw Offset: +0:00, Platform Override: ''
LogPluginManager: Mounting plugin Paper2D
LogPluginManager: Mounting plugin AISupport
LogPluginManager: Mounting plugin LightPropagationVolume
LogPluginManager: Mounting plugin CLionSourceCodeAccess
LogPluginManager: Mounting plugin CodeLiteSourceCodeAccess
LogPluginManager: Mounting plugin GitSourceControl
LogPluginManager: Mounting plugin KDevelopSourceCodeAccess
LogPluginManager: Mounting plugin NullSourceCodeAccess
LogPluginManager: Mounting plugin PerforceSourceControl
LogPluginManager: Mounting plugin SubversionSourceControl
LogPluginManager: Mounting plugin UObjectPlugin
LogPluginManager: Mounting plugin VisualStudioCodeSourceCodeAccess
LogPluginManager: Mounting plugin VisualStudioSourceCodeAccess
LogPluginManager: Mounting plugin XCodeSourceCodeAccess
LogPluginManager: Mounting plugin AssetManagerEditor
LogPluginManager: Mounting plugin CryptoKeys
LogPluginManager: Mounting plugin DataValidation
LogPluginManager: Mounting plugin FacialAnimation
LogPluginManager: Mounting plugin GameplayTagsEditor
LogPluginManager: Mounting plugin MacGraphicsSwitching
LogPluginManager: Mounting plugin MeshEditor
LogPluginManager: Mounting plugin MobileLauncherProfileWizard
LogPluginManager: Mounting plugin PluginBrowser
LogPluginManager: Mounting plugin SpeedTreeImporter
LogPluginManager: Mounting plugin DatasmithContent
LogPluginManager: Mounting plugin AlembicImporter
LogPluginManager: Mounting plugin AppleImageUtils
LogPluginManager: Mounting plugin AppleVision
LogPluginManager: Mounting plugin BackChannel
LogPluginManager: Mounting plugin CharacterAI
LogPluginManager: Mounting plugin GeometryCache
LogPluginManager: Mounting plugin HTML5Networking
LogPluginManager: Mounting plugin ProxyLODPlugin
LogPluginManager: Mounting plugin MagicLeap
LogPluginManager: Mounting plugin MagicLeapEmulator
LogPluginManager: Mounting plugin MagicLeapMedia
LogPluginManager: Mounting plugin AndroidMedia
LogPluginManager: Mounting plugin AvfMedia
LogPluginManager: Mounting plugin ImgMedia
LogPluginManager: Mounting plugin LinearTimecode
LogPluginManager: Mounting plugin MediaCompositing
LogPluginManager: Mounting plugin MediaPlayerEditor
LogPluginManager: Mounting plugin WmfMedia
LogPluginManager: Mounting plugin TcpMessaging
LogPluginManager: Mounting plugin UdpMessaging
LogPluginManager: Mounting plugin ActorSequence
LogPluginManager: Mounting plugin LevelSequenceEditor
LogPluginManager: Mounting plugin MatineeToLevelSequence
LogPluginManager: Mounting plugin NetcodeUnitTest
LogPluginManager: Mounting plugin NUTUnrealEngine4
LogPluginManager: Mounting plugin OnlineSubsystemGooglePlay
LogPluginManager: Mounting plugin OnlineSubsystemIOS
LogPluginManager: Mounting plugin OnlineSubsystem
LogPluginManager: Mounting plugin OnlineSubsystemNull
LogPluginManager: Mounting plugin OnlineSubsystemUtils
LogPluginManager: Mounting plugin LauncherChunkInstaller
LogPluginManager: Mounting plugin AndroidDeviceProfileSelector
LogPluginManager: Mounting plugin AndroidMoviePlayer
LogPluginManager: Mounting plugin AndroidPermission
LogPluginManager: Mounting plugin ApexDestruction
LogPluginManager: Mounting plugin AppleMoviePlayer
LogPluginManager: Mounting plugin ArchVisCharacter
LogPluginManager: Mounting plugin AudioCapture
LogPluginManager: Mounting plugin CableComponent
LogPluginManager: Mounting plugin CustomMeshComponent
LogPluginManager: Mounting plugin EditableMesh
LogPluginManager: Mounting plugin ExampleDeviceProfileSelector
LogPluginManager: Mounting plugin GoogleCloudMessaging
LogPluginManager: Mounting plugin ImmediatePhysics
LogPluginManager: Mounting plugin IOSDeviceProfileSelector
LogPluginManager: Mounting plugin LinuxDeviceProfileSelector
LogPluginManager: Mounting plugin LocationServicesBPLibrary
LogPluginManager: Mounting plugin MobilePatchingUtils
LogPluginManager: Mounting plugin OculusVR
LogPluginManager: Plugin shader directory ../../../Engine/Plugins/Runtime/Oculus/OculusVR/Shaders found
LogPluginManager: Mapping shader source directory ../../../Engine/Plugins/Runtime/Oculus/OculusVR/Shaders to virtual directory /Plugin/OculusVR
LogPluginManager: Mounting plugin PhysXVehicles
LogPluginManager: Mounting plugin ProceduralMeshComponent
LogPluginManager: Mounting plugin RuntimePhysXCooking
LogPluginManager: Mounting plugin SteamVR
LogPluginManager: Mounting plugin WindowsMoviePlayer
LogStreaming: Display: Took  0.143s to configure plugins.
LogInit: Using libcurl 7.55.1-DEV
LogInit:  - built for x86_64-pc-win32
LogInit:  - supports SSL with OpenSSL/1.0.2h
LogInit:  - supports HTTP deflate (compression) using libz 1.2.8
LogInit:  - other features:
LogInit:      CURL_VERSION_SSL
LogInit:      CURL_VERSION_LIBZ
LogInit:      CURL_VERSION_IPV6
LogInit:      CURL_VERSION_ASYNCHDNS
LogInit:      CURL_VERSION_LARGEFILE
LogInit:      CURL_VERSION_IDN
LogInit:  CurlRequestOptions (configurable via config and command line):
LogInit:  - bVerifyPeer = false  - Libcurl will NOT verify peer certificate
LogInit:  - bUseHttpProxy = false  - Libcurl will NOT use HTTP proxy
LogInit:  - bDontReuseConnections = false  - Libcurl will reuse connections
LogInit:  - CertBundlePath = nullptr  - Libcurl will use whatever was configured at build time.
LogInit:  - MaxHostConnections = 16  - Libcurl will limit the number of connections to a host
LogInit:  - LocalHostAddr = Default
LogInit:  - BufferSize = 65536
LogInit: WinSock: version 1.1 (2.2), MaxSocks=32767, MaxUdp=65467
LogHMD: Failed initializing OVRPlugin 1.25.0
LogInit: Build: ++UE4+Release-4.20-CL-4369336
LogInit: Engine Version: 4.20.3-4369336+++UE4+Release-4.20
LogInit: Compatible Engine Version: 4.20.0-4212847+++UE4+Release-4.20
LogInit: Net CL: 4212847
LogInit: OS: Windows 10 (), CPU: Intel(R) Core(TM) i7-6820HK CPU @ 2.70GHz, GPU: NVIDIA GeForce GTX 1080
LogInit: Compiled (64-bit): Sep 17 2018 12:26:19
LogInit: Compiled with Visual C++: 19.13.26129.00
LogInit: Build Configuration: Development
LogInit: Branch Name: ++UE4+Release-4.20
LogInit: Command Line:  
LogInit: Base Directory: D:/Games/UE_4.20/Engine/Binaries/Win64/
LogInit: Installed Engine Build: 1
LogDevObjectVersion: Number of dev versions registered: 20
LogDevObjectVersion:   Dev-Blueprints (B0D832E4-1F89-4F0D-ACCF-7EB736FD4AA2): 10
LogDevObjectVersion:   Dev-Build (E1C64328-A22C-4D53-A36C-8E866417BD8C): 0
LogDevObjectVersion:   Dev-Core (375EC13C-06E4-48FB-B500-84F0262A717E): 2
LogDevObjectVersion:   Dev-Editor (E4B068ED-F494-42E9-A231-DA0B2E46BB41): 24
LogDevObjectVersion:   Dev-Framework (CFFC743F-43B0-4480-9391-14DF171D2073): 34
LogDevObjectVersion:   Dev-Mobile (B02B49B5-BB20-44E9-A304-32B752E40360): 2
LogDevObjectVersion:   Dev-Networking (A4E4105C-59A1-49B5-A7C5-40C4547EDFEE): 0
LogDevObjectVersion:   Dev-Online (39C831C9-5AE6-47DC-9A44-9C173E1C8E7C): 0
LogDevObjectVersion:   Dev-Physics (78F01B33-EBEA-4F98-B9B4-84EACCB95AA2): 0
LogDevObjectVersion:   Dev-Platform (6631380F-2D4D-43E0-8009-CF276956A95A): 0
LogDevObjectVersion:   Dev-Rendering (12F88B9F-8875-4AFC-A67C-D90C383ABD29): 26
LogDevObjectVersion:   Dev-Sequencer (7B5AE74C-D270-4C10-A958-57980B212A5A): 9
LogDevObjectVersion:   Dev-VR (D7296918-1DD6-4BDD-9DE2-64A83CC13884): 2
LogDevObjectVersion:   Dev-LoadTimes (C2A15278-BFE7-4AFE-6C17-90FF531DF755): 1
LogDevObjectVersion:   Private-Geometry (6EACA3D4-40EC-4CC1-B786-8BED09428FC5): 3
LogDevObjectVersion:   Dev-AnimPhys (29E575DD-E0A3-4627-9D10-D276232CDCEA): 17
LogDevObjectVersion:   Dev-ReflectionCapture (6B266CEC-1EC7-4B8F-A30B-E4D90942FC07): 1
LogDevObjectVersion:   Dev-Automation (0DF73D61-A23F-47EA-B727-89E90C41499A): 1
LogDevObjectVersion:   FortniteMain (601D1886-AC64-4F84-AA16-D3DE0DEAC7D6): 12
LogDevObjectVersion:   Dev-Enterprise (9DFFBCD6-494F-0158-E221-12823C92A888): 1
LogStreaming: Display: Took  0.005s to delete old logs.
LogInit: Presizing for max 8388607 objects, including 0 objects not considered by GC, pre-allocating 0 bytes for permanent pool.
LogInit: Object subsystem initialized
[2019.04.17-01.46.47:209][  0]LogInit: Selected Device Profile: [Windows]
[2019.04.17-01.46.47:209][  0]LogInit: Applying CVar settings loaded from the selected device profile: [Windows]
[2019.04.17-01.46.47:231][  0]LogHAL: Display: Platform has ~ 32 GB [34315276288 / 34359738368 / 32], which maps to Largest [LargestMinGB=32, LargerMinGB=12, DefaultMinGB=8, SmallerMinGB=6, SmallestMinGB=0)
[2019.04.17-01.46.47:231][  0]LogInit: Setting Device Profile CVar: [[r.Vulkan.UseRealUBs:1]]
[2019.04.17-01.46.47:231][  0]LogInit: Going up to parent DeviceProfile []
[2019.04.17-01.46.47:235][  0]LogInit: Computer: MSI
[2019.04.17-01.46.47:235][  0]LogInit: User: Cormac
[2019.04.17-01.46.47:235][  0]LogInit: CPU Page size=4096, Cores=4
[2019.04.17-01.46.47:235][  0]LogInit: High frequency timer resolution =2.648438 MHz
[2019.04.17-01.46.47:235][  0]LogMemory: Memory total: Physical=32.0GB (32GB approx)
[2019.04.17-01.46.47:235][  0]LogMemory: Platform Memory Stats for Windows
[2019.04.17-01.46.47:235][  0]LogMemory: Process Physical Memory: 104.27 MB used, 104.27 MB peak
[2019.04.17-01.46.47:235][  0]LogMemory: Process Virtual Memory: 96.88 MB used, 96.88 MB peak
[2019.04.17-01.46.47:235][  0]LogMemory: Physical Memory: 11681.93 MB used,  21043.67 MB free, 32725.60 MB total
[2019.04.17-01.46.47:235][  0]LogMemory: Virtual Memory: 4658.15 MB used,  21043.67 MB free, 134217728.00 MB total
[2019.04.17-01.46.47:555][  0]LogInit: Using OS detected language (en-US).
[2019.04.17-01.46.47:555][  0]LogInit: Using OS detected locale (en-GB).
[2019.04.17-01.46.47:556][  0]LogTextLocalizationManager: No specific localization for 'en-US' exists, so the 'en' localization will be used.
[2019.04.17-01.46.48:005][  0]LogStreaming: Display: Took  0.451s to InitEngineTextLocalization.
[2019.04.17-01.46.48:005][  0]LogInit: Setting process to per monitor DPI aware
[2019.04.17-01.46.48:148][  0]LogSlate: New Slate User Created.  User Index 0, Is Virtual User: 0
[2019.04.17-01.46.48:148][  0]LogSlate: Slate User Registered.  User Index 0, Is Virtual User: 0
[2019.04.17-01.46.50:120][  0]LogHMD: Failed to initialize OpenVR with code 126
[2019.04.17-01.46.50:120][  0]LogD3D11RHI: D3D11 adapters:
[2019.04.17-01.46.50:185][  0]LogD3D11RHI:    0. 'NVIDIA GeForce GTX 1080' (Feature Level 11_0)
[2019.04.17-01.46.50:185][  0]LogD3D11RHI:       8079/0/16362 MB DedicatedVideo/DedicatedSystem/SharedSystem, Outputs:2, VendorId:0x10de
[2019.04.17-01.46.50:188][  0]LogD3D11RHI:    1. 'Microsoft Basic Render Driver' (Feature Level 11_0)
[2019.04.17-01.46.50:188][  0]LogD3D11RHI:       0/0/16362 MB DedicatedVideo/DedicatedSystem/SharedSystem, Outputs:0, VendorId:0x1414
[2019.04.17-01.46.50:188][  0]LogD3D11RHI: Chosen D3D11 Adapter: 0
[2019.04.17-01.46.50:197][  0]LogD3D11RHI: Creating new Direct3DDevice
[2019.04.17-01.46.50:197][  0]LogD3D11RHI:     GPU DeviceId: 0x1be0 (for the marketing name, search the web for "GPU Device Id")
[2019.04.17-01.46.50:197][  0]LogWindows: EnumDisplayDevices:
[2019.04.17-01.46.50:197][  0]LogWindows:    0. 'NVIDIA GeForce GTX 1080' (P:0 D:1)
[2019.04.17-01.46.50:198][  0]LogWindows:    1. 'NVIDIA GeForce GTX 1080' (P:1 D:1)
[2019.04.17-01.46.50:198][  0]LogWindows:    2. 'NVIDIA GeForce GTX 1080' (P:0 D:0)
[2019.04.17-01.46.50:199][  0]LogWindows:    3. 'NVIDIA GeForce GTX 1080' (P:0 D:0)
[2019.04.17-01.46.50:199][  0]LogWindows: DebugString: FoundDriverCount:4 
[2019.04.17-01.46.50:199][  0]LogD3D11RHI:     Adapter Name: NVIDIA GeForce GTX 1080
[2019.04.17-01.46.50:199][  0]LogD3D11RHI:   Driver Version: 417.71 (internal:25.21.14.1771, unified:417.71)
[2019.04.17-01.46.50:199][  0]LogD3D11RHI:      Driver Date: 1-11-2019
[2019.04.17-01.46.50:199][  0]LogRHI: Texture pool is 5655 MB (70% of 8079 MB)
[2019.04.17-01.46.50:247][  0]LogD3D11RHI: Async texture creation enabled
[2019.04.17-01.46.50:264][  0]LogD3D11RHI: GPU Timing Frequency: 1000.000000 (Debug: 2 2)
[2019.04.17-01.46.50:310][  0]LogShaderCompilers: Guid format shader working directory is 0 characters bigger than the processId version (C:/Users/Cormac/Desktop/PIGDEgit/PIGDE-Thieves/Intermediate/Shaders/WorkingDirectory/11660/).
[2019.04.17-01.46.50:310][  0]LogShaderCompilers: Cleaned the shader compiler working directory 'C:/Users/Cormac/AppData/Local/Temp/UnrealShaderWorkingDir/DC2321E34DDBD3CBB24004BB8B24F689/'.
[2019.04.17-01.46.50:872][  0]LogTemp: Display: Loaded TP AllDesktopTargetPlatform
[2019.04.17-01.46.50:905][  0]LogTemp: Display: Loaded TP MacClientTargetPlatform
[2019.04.17-01.46.50:937][  0]LogTemp: Display: Loaded TP MacNoEditorTargetPlatform
[2019.04.17-01.46.50:962][  0]LogTemp: Display: Loaded TP MacServerTargetPlatform
[2019.04.17-01.46.50:998][  0]LogTemp: Display: Loaded TP MacTargetPlatform
[2019.04.17-01.46.51:030][  0]LogTemp: Display: Loaded TP WindowsClientTargetPlatform
[2019.04.17-01.46.51:061][  0]LogTemp: Display: Loaded TP WindowsNoEditorTargetPlatform
[2019.04.17-01.46.51:086][  0]LogTemp: Display: Loaded TP WindowsServerTargetPlatform
[2019.04.17-01.46.51:110][  0]LogTemp: Display: Loaded TP WindowsTargetPlatform
[2019.04.17-01.46.51:229][  0]LogTemp: Display: Loaded TP AndroidTargetPlatform
[2019.04.17-01.46.51:229][  0]LogTemp: Display: Loaded TP AndroidTargetPlatform
[2019.04.17-01.46.51:229][  0]LogTemp: Display: Loaded TP AndroidTargetPlatform
[2019.04.17-01.46.51:229][  0]LogTemp: Display: Loaded TP AndroidTargetPlatform
[2019.04.17-01.46.51:229][  0]LogTemp: Display: Loaded TP AndroidTargetPlatform
[2019.04.17-01.46.51:229][  0]LogTemp: Display: Loaded TP AndroidTargetPlatform
[2019.04.17-01.46.51:229][  0]LogTemp: Display: Loaded TP AndroidTargetPlatform
[2019.04.17-01.46.51:229][  0]LogTemp: Display: Loaded TP AndroidTargetPlatform
[2019.04.17-01.46.51:229][  0]LogTemp: Display: Loaded TP AndroidTargetPlatform
[2019.04.17-01.46.51:229][  0]LogTemp: Display: Loaded TP AndroidTargetPlatform
[2019.04.17-01.46.51:229][  0]LogTemp: Display: Loaded TP AndroidTargetPlatform
[2019.04.17-01.46.51:229][  0]LogTemp: Display: Loaded TP AndroidTargetPlatform
[2019.04.17-01.46.51:229][  0]LogTemp: Display: Loaded TP AndroidTargetPlatform
[2019.04.17-01.46.51:229][  0]LogTemp: Display: Loaded TP AndroidTargetPlatform
[2019.04.17-01.46.51:229][  0]LogTemp: Display: Loaded TP AndroidTargetPlatform
[2019.04.17-01.46.51:229][  0]LogTemp: Display: Loaded TP AndroidTargetPlatform
[2019.04.17-01.46.51:229][  0]LogTemp: Display: Loaded TP AndroidTargetPlatform
[2019.04.17-01.46.51:229][  0]LogTemp: Display: Loaded TP AndroidTargetPlatform
[2019.04.17-01.46.51:251][  0]LogTemp: Display: Loaded TP HTML5TargetPlatform
[2019.04.17-01.46.51:406][  0]LogTemp: Display: Loaded TP IOSTargetPlatform
[2019.04.17-01.46.51:406][  0]LogTemp: Display: Loaded TP IOSTargetPlatform
[2019.04.17-01.46.51:465][  0]LogTemp: Display: Loaded TP TVOSTargetPlatform
[2019.04.17-01.46.51:465][  0]LogTemp: Display: Loaded TP TVOSTargetPlatform
[2019.04.17-01.46.51:501][  0]LogTemp: Display: Loaded TP LinuxClientTargetPlatform
[2019.04.17-01.46.51:526][  0]LogTemp: Display: Loaded TP LinuxNoEditorTargetPlatform
[2019.04.17-01.46.51:571][  0]LogTemp: Display: Loaded TP LinuxServerTargetPlatform
[2019.04.17-01.46.51:602][  0]LogTemp: Display: Loaded TP LinuxTargetPlatform
[2019.04.17-01.46.51:635][  0]LogTemp: Display: Loaded TP LuminTargetPlatform
[2019.04.17-01.46.51:635][  0]LogTargetPlatformManager: Display: Building Assets For Windows
[2019.04.17-01.46.52:258][  0]LogXGEController: Cleaning working directory: C:/Users/Cormac/AppData/Local/Temp/UnrealXGEWorkingDir/
[2019.04.17-01.46.52:258][  0]LogXGEController: Cannot use XGE Controller as Incredibuild is not installed on this machine.
[2019.04.17-01.46.52:258][  0]LogShaderCompilers: Cannot use XGE Shader Compiler as Incredibuild is not installed on this machine.
[2019.04.17-01.46.52:258][  0]LogShaderCompilers: Display: Using Local Shader Compiler.
[2019.04.17-01.46.54:355][  0]LogDerivedDataCache: Display: Max Cache Size: 512 MB
[2019.04.17-01.46.54:410][  0]LogDerivedDataCache: Loaded boot cache 0.05s 71MB C:/Users/Cormac/AppData/Local/UnrealEngine/4.20/DerivedDataCache/Boot.ddc.
[2019.04.17-01.46.54:411][  0]LogDerivedDataCache: Display: Loaded Boot cache: C:/Users/Cormac/AppData/Local/UnrealEngine/4.20/DerivedDataCache/Boot.ddc
[2019.04.17-01.46.54:411][  0]LogDerivedDataCache: FDerivedDataBackendGraph:  Pak pak cache file C:/Users/Cormac/Desktop/PIGDEgit/PIGDE-Thieves/DerivedDataCache/DDC.ddp not found, will not use a pak cache.
[2019.04.17-01.46.54:411][  0]LogDerivedDataCache: Unable to find inner node Pak for hierarchical cache Hierarchy.
[2019.04.17-01.46.54:411][  0]LogDerivedDataCache: FDerivedDataBackendGraph:  CompressedPak pak cache file C:/Users/Cormac/Desktop/PIGDEgit/PIGDE-Thieves/DerivedDataCache/Compressed.ddp not found, will not use a pak cache.
[2019.04.17-01.46.54:411][  0]LogDerivedDataCache: Unable to find inner node CompressedPak for hierarchical cache Hierarchy.
[2019.04.17-01.46.54:432][  0]LogDerivedDataCache: Display: Pak cache opened for reading ../../../Engine/DerivedDataCache/Compressed.ddp.
[2019.04.17-01.46.54:444][  0]LogDerivedDataCache: Using Local data cache path C:/Users/Cormac/AppData/Local/UnrealEngine/Common/DerivedDataCache: Writable
[2019.04.17-01.46.54:444][  0]LogDerivedDataCache: Shared data cache path not found in *engine.ini, will not use an Shared cache.
[2019.04.17-01.46.54:444][  0]LogDerivedDataCache: Unable to find inner node Shared for hierarchical cache Hierarchy.
[2019.04.17-01.46.54:485][  0]LogMaterial: Verifying Global Shaders for PCD3D_SM5
[2019.04.17-01.46.54:487][  0]LogSlate: Using FreeType 2.6.0
[2019.04.17-01.46.54:516][  0]LogSlate: SlateFontServices - WITH_FREETYPE: 1, WITH_HARFBUZZ: 1
[2019.04.17-01.46.54:770][  0]LogAssetRegistry: FAssetRegistry took 0.0277 seconds to start up
[2019.04.17-01.46.55:232][  0]LogInit: Selected Device Profile: [Windows]
[2019.04.17-01.46.55:956][  0]LogSimplygon: Simplygon DLL not present - disabling.
[2019.04.17-01.46.56:058][  0]LogMeshReduction: Using SimplygonSwarm for distributed automatic mesh merging
[2019.04.17-01.46.56:058][  0]LogMeshReduction: Using ProxyLODMeshReduction for automatic mesh merging
[2019.04.17-01.46.56:058][  0]LogMeshReduction: Using QuadricMeshReduction for automatic static mesh reduction
[2019.04.17-01.46.56:058][  0]LogMeshReduction: No automatic skeletal mesh reduction module available
[2019.04.17-01.46.56:134][  0]LogNetVersion: Thieves 1.0.0, NetCL: 4212847, EngineNetVer: 5, GameNetVer: 0 (Checksum: 1537642208)
[2019.04.17-01.46.57:910][  0]LogPackageLocalizationCache: Processed 11 localized package path(s) for 2 prioritized culture(s) in 0.155966 seconds
[2019.04.17-01.46.57:918][  0]LogUObjectArray: 38425 objects as part of root set at end of initial load.
[2019.04.17-01.46.57:918][  0]LogUObjectAllocator: 6690872 out of 0 bytes used by permanent object pool.
[2019.04.17-01.46.57:918][  0]LogUObjectArray: CloseDisregardForGC: 0/0 objects in disregard for GC pool
[2019.04.17-01.47.07:904][  0]LogTcpMessaging: Initializing TcpMessaging bridge
[2019.04.17-01.47.07:946][  0]LogUdpMessaging: Initializing bridge on interface 0.0.0.0:0 to multicast group 230.0.0.1:6666.
[2019.04.17-01.47.08:954][  0]SourceControl: Source control is disabled
[2019.04.17-01.47.08:954][  0]SourceControl: Source control is disabled
[2019.04.17-01.47.09:037][  0]SourceControl: Source control is disabled
[2019.04.17-01.47.09:070][  0]SourceControl: Source control is disabled
[2019.04.17-01.47.10:364][  0]LogAndroidPermission: UAndroidPermissionCallbackProxy::GetInstance
[2019.04.17-01.47.10:681][  0]LogOcInput: OculusInput pre-init called
[2019.04.17-01.47.10:889][  0]LogEngine: Initializing Engine...
[2019.04.17-01.47.10:917][  0]LogHMD: Failed to initialize OpenVR with code 126
[2019.04.17-01.47.10:919][  0]LogStats: UGameplayTagsManager::ConstructGameplayTagTree: ImportINI prefixes -  0.000 s
[2019.04.17-01.47.10:919][  0]LogStats: UGameplayTagsManager::ConstructGameplayTagTree: Construct from data asset -  0.000 s
[2019.04.17-01.47.10:919][  0]LogStats: UGameplayTagsManager::ConstructGameplayTagTree: ImportINI -  0.000 s
[2019.04.17-01.47.10:919][  0]LogStats: UGameplayTagsManager::ConstructGameplayTagTree: GameplayTagTreeChangedEvent.Broadcast -  0.000 s
[2019.04.17-01.47.11:734][  0]LogInit: Initializing FReadOnlyCVARCache
[2019.04.17-01.47.11:777][  0]LogAIModule: Creating AISystem for world Untitled
[2019.04.17-01.47.11:831][  0]LogInit: XAudio2 using 'Speakers (4- M-Audio M-Track 2X2)' : 2 channels at 44.1 kHz using 16 bits per sample (channel mask 0x3)
[2019.04.17-01.47.11:847][  0]LogInit: FAudioDevice initialized.
[2019.04.17-01.47.11:847][  0]LogNetVersion: Set ProjectVersion to 1.0.0.0. Version Checksum will be recalculated on next use.
[2019.04.17-01.47.12:020][  0]LogDerivedDataCache: Saved boot cache 0.17s 71MB C:/Users/Cormac/AppData/Local/UnrealEngine/4.20/DerivedDataCache/Boot.ddc.
[2019.04.17-01.47.12:026][  0]LogInit: Texture streaming: Enabled
[2019.04.17-01.47.12:146][  0]LogEngineSessionManager: EngineSessionManager initialized
[2019.04.17-01.47.12:183][  0]LogInit: Transaction tracking system initialized
[2019.04.17-01.47.12:316][  0]BlueprintLog: New page: Editor Load
[2019.04.17-01.47.13:048][  0]LocalizationService: Localization service is disabled
[2019.04.17-01.47.13:431][  0]LogLinker: Warning: Can't find file '/Game/ThievesContent/ThirdPersonOverview'
[2019.04.17-01.47.13:431][  0]LogLinker: Warning: Can't find file '/Game/ThievesContent/ThirdPersonOverview'
[2019.04.17-01.47.13:431][  0]LogUObjectGlobals: Warning: Failed to find object 'Class /Game/ThievesContent/ThirdPersonOverview.ThirdPersonOverview_C'
[2019.04.17-01.47.14:592][  0]LogCook: Display: Max memory allowance for cook 16384mb min free memory 0mb
[2019.04.17-01.47.14:592][  0]LogCook: Display: Mobile HDR setting 1
[2019.04.17-01.47.14:592][  0]LogGameplayTags: Display: UGameplayTagsManager::DoneAddingNativeTags. DelegateIsBound: 0
[2019.04.17-01.47.14:592][  0]LogStats: UGameplayTagsManager::ConstructGameplayTagTree: ImportINI prefixes -  0.000 s
[2019.04.17-01.47.14:592][  0]LogStats: UGameplayTagsManager::ConstructGameplayTagTree: Construct from data asset -  0.000 s
[2019.04.17-01.47.14:592][  0]LogStats: UGameplayTagsManager::ConstructGameplayTagTree: ImportINI -  0.000 s
[2019.04.17-01.47.14:592][  0]LogStats: UGameplayTagsManager::ConstructGameplayTagTree: GameplayTagTreeChangedEvent.Broadcast -  0.000 s
[2019.04.17-01.47.15:163][  0]LogFileCache: Scanning file cache for directory 'C:/Users/Cormac/Desktop/PIGDEgit/PIGDE-Thieves/Content/' took 0.02s
[2019.04.17-01.47.15:628][  0]SourceControl: Source control is disabled
[2019.04.17-01.47.15:628][  0]Cmd: MAP LOAD FILE="C:/Users/Cormac/Desktop/PIGDEgit/PIGDE-Thieves/Content/Maps/GameMap.umap" TEMPLATE=0 SHOWPROGRESS=1 FEATURELEVEL=3
[2019.04.17-01.47.15:643][  0]LightingResults: New page: Lighting Build
[2019.04.17-01.47.15:646][  0]MapCheck: New page: Map Check
[2019.04.17-01.47.15:646][  0]LightingResults: New page: Lighting Build
[2019.04.17-01.47.17:633][  0]LogAIModule: Creating AISystem for world GameMap
[2019.04.17-01.47.17:670][  0]LogEditorServer: Finished looking for orphan Actors (0.000 secs)
[2019.04.17-01.47.17:700][  0]Cmd: MAP CHECKDEP NOCLEARLOG
[2019.04.17-01.47.17:777][  0]MapCheck: Map check complete: 0 Error(s), 0 Warning(s), took 76.562ms to complete.
[2019.04.17-01.47.17:777][  0]LogFileHelpers: Loading map 'GameMap' took 2.149
[2019.04.17-01.47.18:059][  0]LogSlate: Updating window title bar state: overlay mode, drag disabled, window buttons hidden, title bar hidden
[2019.04.17-01.47.18:068][  0]LogSlate: Updating window title bar state: overlay mode, drag disabled, window buttons hidden, title bar hidden
[2019.04.17-01.47.18:078][  0]LogSlate: Updating window title bar state: overlay mode, drag disabled, window buttons hidden, title bar hidden
[2019.04.17-01.47.18:087][  0]LogSlate: Updating window title bar state: overlay mode, drag disabled, window buttons hidden, title bar hidden
[2019.04.17-01.47.18:152][  0]LogCollectionManager: Loaded 0 collections in 0.000965 seconds
[2019.04.17-01.47.18:199][  0]LogFileCache: Scanning file cache for directory 'C:/Users/Cormac/Desktop/PIGDEgit/PIGDE-Thieves/Saved/Collections/' took 0.01s
[2019.04.17-01.47.18:199][  0]LogFileCache: Scanning file cache for directory 'C:/Users/Cormac/Desktop/PIGDEgit/PIGDE-Thieves/Content/Developers/Cormac/Collections/' took 0.01s
[2019.04.17-01.47.18:199][  0]LogFileCache: Scanning file cache for directory 'C:/Users/Cormac/Desktop/PIGDEgit/PIGDE-Thieves/Content/Collections/' took 0.01s
[2019.04.17-01.47.18:199][  0]LogCollectionManager: Rebuilt the GUID cache for 0 collections in 0.000000 seconds
[2019.04.17-01.47.18:210][  0]LogContentBrowser: Native class hierarchy populated in 0.0106 seconds. Added 2581 classes and 608 folders.
[2019.04.17-01.47.18:216][  0]LogContentBrowser: Native class hierarchy updated for 'WidgetCarousel' in 0.0003 seconds. Added 0 classes and 0 folders.
[2019.04.17-01.47.19:050][  0]LogContentBrowser: Native class hierarchy updated for 'AddContentDialog' in 0.0003 seconds. Added 0 classes and 0 folders.
[2019.04.17-01.47.19:098][  0]LogContentBrowser: Native class hierarchy updated for 'SceneOutliner' in 0.0003 seconds. Added 1 classes and 2 folders.
[2019.04.17-01.47.19:242][  0]LogSlate: Took 0.005836 seconds to synchronously load lazily loaded font '../../../Engine/Content/Slate/Fonts/Roboto-Regular.ttf' (155K)
[2019.04.17-01.47.19:249][  0]LogSlate: Took 0.004869 seconds to synchronously load lazily loaded font '../../../Engine/Content/Slate/Fonts/Roboto-Bold.ttf' (160K)
[2019.04.17-01.47.19:268][  0]LogSlate: Took 0.013578 seconds to synchronously load lazily loaded font '../../../Engine/Content/Editor/Slate/Fonts/FontAwesome.ttf' (139K)
[2019.04.17-01.47.19:479][  0]LogRenderer: Reallocating scene render targets to support 1204x624 Format 10 NumSamples 1 (Frame:1).
[2019.04.17-01.47.19:606][  0]LogSlate: Took 0.005211 seconds to synchronously load lazily loaded font '../../../Engine/Content/Slate/Fonts/Roboto-Light.ttf' (167K)
[2019.04.17-01.47.19:712][  0]LogContentBrowser: Native class hierarchy updated for 'HierarchicalLODOutliner' in 0.0003 seconds. Added 0 classes and 0 folders.
[2019.04.17-01.47.19:712][  0]LogLoad: (Engine Initialization) Total time: 37.25 seconds
[2019.04.17-01.47.19:712][  0]LogLoad: (Engine Initialization) Total Blueprint compile time: 0.00 seconds
[2019.04.17-01.47.19:736][  0]LogSlate: New Slate User Created.  User Index 1, Is Virtual User: 0
[2019.04.17-01.47.19:736][  0]LogSlate: Slate User Registered.  User Index 1, Is Virtual User: 0
[2019.04.17-01.47.19:736][  0]LogSlate: New Slate User Created.  User Index 2, Is Virtual User: 0
[2019.04.17-01.47.19:736][  0]LogSlate: Slate User Registered.  User Index 2, Is Virtual User: 0
[2019.04.17-01.47.19:780][  0]LogContentStreaming: Texture pool size now 1000 MB
[2019.04.17-01.47.19:853][  1]LogAssetRegistry: Asset discovery search completed in 25.1060 seconds
[2019.04.17-01.47.19:856][  1]LogCollectionManager: Rebuilt the object cache for 0 collections in 0.000000 seconds (found 0 objects)
[2019.04.17-01.47.19:856][  1]LogCollectionManager: Fixed up redirectors for 0 collections in 0.000078 seconds (updated 0 objects)
[2019.04.17-01.55.44:984][632]LogSlate: FSceneViewport::OnFocusLost() reason 0
[2019.04.17-01.55.45:066][637]LogTemp: Repeating last play command: Selected Viewport
[2019.04.17-01.55.45:089][637]LogBlueprintUserMessages: Early PlayInEditor Detection: Level '/Game/Maps/GameMap.GameMap:PersistentLevel' has LevelScriptBlueprint '/Game/Maps/GameMap.GameMap:PersistentLevel.GameMap' with GeneratedClass '/Game/Maps/GameMap.GameMap_C' with ClassGeneratedBy '/Game/Maps/GameMap.GameMap:PersistentLevel.GameMap'
[2019.04.17-01.55.45:089][637]LogPlayLevel: PlayLevel: No blueprints needed recompiling
[2019.04.17-01.55.45:103][637]PIE: New page: PIE session: GameMap (17 Apr 2019 03:55:45)
[2019.04.17-01.55.45:103][637]LogPlayLevel: Creating play world package: /Game/Maps/UEDPIE_0_GameMap
[2019.04.17-01.55.45:140][637]LogPlayLevel: PIE: StaticDuplicateObject took: (0.036925s)
[2019.04.17-01.55.45:142][637]LogAIModule: Creating AISystem for world GameMap
[2019.04.17-01.55.45:143][637]LogPlayLevel: PIE: World Init took: (0.002122s)
[2019.04.17-01.55.45:143][637]LogPlayLevel: PIE: Created PIE world by copying editor world from /Game/Maps/GameMap.GameMap to /Game/Maps/UEDPIE_0_GameMap.GameMap (0.039419s)
[2019.04.17-01.55.45:208][637]LogInit: XAudio2 using 'Speakers (4- M-Audio M-Track 2X2)' : 2 channels at 44.1 kHz using 16 bits per sample (channel mask 0x3)
[2019.04.17-01.55.45:216][637]LogInit: FAudioDevice initialized.
[2019.04.17-01.55.45:257][637]LogLoad: Game class is 'ThirdPersonGameMode_C'
[2019.04.17-01.55.45:265][637]LogWorld: Bringing World /Game/Maps/UEDPIE_0_GameMap.GameMap up for play (max tick rate 60) at 2019.04.17-02.55.45
[2019.04.17-01.55.45:266][637]LogWorld: Bringing up level for play took: 0.006788
[2019.04.17-01.55.45:282][637]LogContentBrowser: Native class hierarchy updated for 'MovieSceneCapture' in 0.0003 seconds. Added 10 classes and 0 folders.
[2019.04.17-01.55.45:323][637]LogPlayerManagement: Error: Failed to Create Player: A local player already exists for controller ID 0,
[2019.04.17-01.55.45:334][637]LogBlueprintUserMessages: [GameMap_C_3] 3
[2019.04.17-01.55.45:350][637]PIE: Play in editor start time for /Game/Maps/UEDPIE_0_GameMap -0.732
[2019.04.17-01.55.45:350][637]LogBlueprintUserMessages: Late PlayInEditor Detection: Level '/Game/Maps/GameMap.GameMap:PersistentLevel' has LevelScriptBlueprint '/Game/Maps/GameMap.GameMap:PersistentLevel.GameMap' with GeneratedClass '/Game/Maps/GameMap.GameMap_C' with ClassGeneratedBy '/Game/Maps/GameMap.GameMap:PersistentLevel.GameMap'
[2019.04.17-01.55.46:247][686]LogBlueprintUserMessages: Early EndPlayMap Detection: Level '/Game/Maps/GameMap.GameMap:PersistentLevel' has LevelScriptBlueprint '/Game/Maps/GameMap.GameMap:PersistentLevel.GameMap' with GeneratedClass '/Game/Maps/GameMap.GameMap_C' with ClassGeneratedBy '/Game/Maps/GameMap.GameMap:PersistentLevel.GameMap'
[2019.04.17-01.55.46:247][686]LogSlate: Updating window title bar state: overlay mode, drag disabled, window buttons hidden, title bar hidden
[2019.04.17-01.55.46:286][686]LogPlayLevel: Display: Shutting down PIE online subsystems
[2019.04.17-01.55.46:286][686]LogBlueprintUserMessages: Late EndPlayMap Detection: Level '/Game/Maps/GameMap.GameMap:PersistentLevel' has LevelScriptBlueprint '/Game/Maps/GameMap.GameMap:PersistentLevel.GameMap' with GeneratedClass '/Game/Maps/GameMap.GameMap_C' with ClassGeneratedBy '/Game/Maps/GameMap.GameMap:PersistentLevel.GameMap'
[2019.04.17-01.55.46:312][686]LogSlate: Updating window title bar state: overlay mode, drag disabled, window buttons hidden, title bar hidden
[2019.04.17-01.55.46:349][688]LogPlayLevel: Display: Destroying online subsystem :Context_2
[2019.04.17-01.55.47:438][750]LogSlate: FSceneViewport::OnFocusLost() reason 2
[2019.04.17-01.55.48:328][801]LogSlate: Took 0.000179 seconds to synchronously load lazily loaded font '../../../Engine/Content/Slate/Fonts/Roboto-Light.ttf' (167K)
[2019.04.17-01.55.48:330][801]LogSlate: FSceneViewport::OnFocusLost() reason 2
[2019.04.17-01.55.48:334][801]LogAssetEditorManager: Opening Asset editor for LevelScriptBlueprint /Game/Maps/GameMap.GameMap:PersistentLevel.GameMap
[2019.04.17-01.55.49:739][801]LogContentBrowser: Native class hierarchy updated for 'BlueprintGraph' in 0.0010 seconds. Added 116 classes and 0 folders.
[2019.04.17-01.55.51:354][801]LogSlate: Took 0.003633 seconds to synchronously load lazily loaded font '../../../Engine/Content/Slate/Fonts/Roboto-BoldCondensed.ttf' (158K)
[2019.04.17-01.55.51:678][802]LogSlate: Took 0.004836 seconds to synchronously load lazily loaded font '../../../Engine/Content/Slate/Fonts/Roboto-Italic.ttf' (157K)
[2019.04.17-01.55.56:267][904]BlueprintLog: New page: Compile GameMap
[2019.04.17-01.55.57:243][913]Cmd: OBJ SAVEPACKAGE PACKAGE="/Game/Maps/GameMap" FILE="C:/Users/Cormac/Desktop/PIGDEgit/PIGDE-Thieves/Content/Maps/GameMap.umap" SILENT=true AUTOSAVING=false KEEPDIRTY=false
[2019.04.17-01.55.57:637][913]LogSavePackage: Moving 'C:/Users/Cormac/Desktop/PIGDEgit/PIGDE-Thieves/Saved/GameMap84CE08504C69B3FA1F15E197FB3D58A4.tmp' to 'C:/Users/Cormac/Desktop/PIGDEgit/PIGDE-Thieves/Content/Maps/GameMap.umap'
[2019.04.17-01.55.57:699][913]LogFileHelpers: Saving map 'GameMap' took 0.574
[2019.04.17-01.55.58:447][955]LogSlate: FSceneViewport::OnFocusLost() reason 0
[2019.04.17-01.55.59:872][ 35]LogSlate: FSceneViewport::OnFocusLost() reason 0
[2019.04.17-01.55.59:973][ 41]LogTemp: Repeating last play command: Selected Viewport
[2019.04.17-01.55.59:997][ 41]LogBlueprintUserMessages: Early PlayInEditor Detection: Level '/Game/Maps/GameMap.GameMap:PersistentLevel' has LevelScriptBlueprint '/Game/Maps/GameMap.GameMap:PersistentLevel.GameMap' with GeneratedClass '/Game/Maps/GameMap.GameMap_C' with ClassGeneratedBy '/Game/Maps/GameMap.GameMap:PersistentLevel.GameMap'
[2019.04.17-01.55.59:997][ 41]LogPlayLevel: PlayLevel: No blueprints needed recompiling
[2019.04.17-01.55.59:997][ 41]PIE: New page: PIE session: GameMap (17 Apr 2019 03:55:59)
[2019.04.17-01.55.59:998][ 41]LogPlayLevel: Creating play world package: /Game/Maps/UEDPIE_0_GameMap
[2019.04.17-01.56.00:022][ 41]LogPlayLevel: PIE: StaticDuplicateObject took: (0.024409s)
[2019.04.17-01.56.00:023][ 41]LogAIModule: Creating AISystem for world GameMap
[2019.04.17-01.56.00:023][ 41]LogPlayLevel: PIE: World Init took: (0.001041s)
[2019.04.17-01.56.00:023][ 41]LogPlayLevel: PIE: Created PIE world by copying editor world from /Game/Maps/GameMap.GameMap to /Game/Maps/UEDPIE_0_GameMap.GameMap (0.025645s)
[2019.04.17-01.56.00:094][ 41]LogInit: XAudio2 using 'Speakers (4- M-Audio M-Track 2X2)' : 2 channels at 44.1 kHz using 16 bits per sample (channel mask 0x3)
[2019.04.17-01.56.00:102][ 41]LogInit: FAudioDevice initialized.
[2019.04.17-01.56.00:132][ 41]LogLoad: Game class is 'ThirdPersonGameMode_C'
[2019.04.17-01.56.00:139][ 41]LogWorld: Bringing World /Game/Maps/UEDPIE_0_GameMap.GameMap up for play (max tick rate 60) at 2019.04.17-02.56.00
[2019.04.17-01.56.00:139][ 41]LogWorld: Bringing up level for play took: 0.006036
[2019.04.17-01.56.00:152][ 41]LogPlayerManagement: Error: Failed to Create Player: A local player already exists for controller ID 0,
[2019.04.17-01.56.00:159][ 41]LogBlueprintUserMessages: [GameMap_C_1] 3
[2019.04.17-01.56.00:161][ 41]PIE: Play in editor start time for /Game/Maps/UEDPIE_0_GameMap 0.08
[2019.04.17-01.56.00:161][ 41]LogBlueprintUserMessages: Late PlayInEditor Detection: Level '/Game/Maps/GameMap.GameMap:PersistentLevel' has LevelScriptBlueprint '/Game/Maps/GameMap.GameMap:PersistentLevel.GameMap' with GeneratedClass '/Game/Maps/GameMap.GameMap_C' with ClassGeneratedBy '/Game/Maps/GameMap.GameMap:PersistentLevel.GameMap'
[2019.04.17-01.56.13:811][851]LogCharacterMovement: Player_C_0 is stuck and failed to move! Velocity: X=378.29 Y=-316.98 Z=0.00 Location: X=-2111.17 Y=-1429.05 Z=255.06 Normal: X=-0.63 Y=-0.63 Z=-0.45 PenetrationDepth:0.148 Actor:None Component:ModelComponent_43 BoneName:None (0 other events since notify)
[2019.04.17-01.56.24:187][472]LogBlueprintUserMessages: Early EndPlayMap Detection: Level '/Game/Maps/GameMap.GameMap:PersistentLevel' has LevelScriptBlueprint '/Game/Maps/GameMap.GameMap:PersistentLevel.GameMap' with GeneratedClass '/Game/Maps/GameMap.GameMap_C' with ClassGeneratedBy '/Game/Maps/GameMap.GameMap:PersistentLevel.GameMap'
[2019.04.17-01.56.24:188][472]LogSlate: Updating window title bar state: overlay mode, drag disabled, window buttons hidden, title bar hidden
[2019.04.17-01.56.24:231][472]LogPlayLevel: Display: Shutting down PIE online subsystems
[2019.04.17-01.56.24:231][472]LogBlueprintUserMessages: Late EndPlayMap Detection: Level '/Game/Maps/GameMap.GameMap:PersistentLevel' has LevelScriptBlueprint '/Game/Maps/GameMap.GameMap:PersistentLevel.GameMap' with GeneratedClass '/Game/Maps/GameMap.GameMap_C' with ClassGeneratedBy '/Game/Maps/GameMap.GameMap:PersistentLevel.GameMap'
[2019.04.17-01.56.24:263][472]LogSlate: Updating window title bar state: overlay mode, drag disabled, window buttons hidden, title bar hidden
[2019.04.17-01.56.24:287][473]LogPlayLevel: Display: Destroying online subsystem :Context_4
[2019.04.17-01.56.28:854][747]LogSlate: FSceneViewport::OnFocusLost() reason 0
[2019.04.17-01.56.28:971][754]LogTemp: Repeating last play command: Selected Viewport
[2019.04.17-01.56.28:993][754]LogBlueprintUserMessages: Early PlayInEditor Detection: Level '/Game/Maps/GameMap.GameMap:PersistentLevel' has LevelScriptBlueprint '/Game/Maps/GameMap.GameMap:PersistentLevel.GameMap' with GeneratedClass '/Game/Maps/GameMap.GameMap_C' with ClassGeneratedBy '/Game/Maps/GameMap.GameMap:PersistentLevel.GameMap'
[2019.04.17-01.56.28:993][754]LogPlayLevel: PlayLevel: No blueprints needed recompiling
[2019.04.17-01.56.28:993][754]PIE: New page: PIE session: GameMap (17 Apr 2019 03:56:28)
[2019.04.17-01.56.28:993][754]LogPlayLevel: Creating play world package: /Game/Maps/UEDPIE_0_GameMap
[2019.04.17-01.56.29:016][754]LogPlayLevel: PIE: StaticDuplicateObject took: (0.021998s)
[2019.04.17-01.56.29:016][754]LogAIModule: Creating AISystem for world GameMap
[2019.04.17-01.56.29:017][754]LogPlayLevel: PIE: World Init took: (0.000939s)
[2019.04.17-01.56.29:017][754]LogPlayLevel: PIE: Created PIE world by copying editor world from /Game/Maps/GameMap.GameMap to /Game/Maps/UEDPIE_0_GameMap.GameMap (0.023136s)
[2019.04.17-01.56.29:089][754]LogInit: XAudio2 using 'Speakers (4- M-Audio M-Track 2X2)' : 2 channels at 44.1 kHz using 16 bits per sample (channel mask 0x3)
[2019.04.17-01.56.29:097][754]LogInit: FAudioDevice initialized.
[2019.04.17-01.56.29:131][754]LogLoad: Game class is 'ThirdPersonGameMode_C'
[2019.04.17-01.56.29:138][754]LogWorld: Bringing World /Game/Maps/UEDPIE_0_GameMap.GameMap up for play (max tick rate 60) at 2019.04.17-02.56.29
[2019.04.17-01.56.29:138][754]LogWorld: Bringing up level for play took: 0.005744
[2019.04.17-01.56.29:151][754]LogPlayerManagement: Error: Failed to Create Player: A local player already exists for controller ID 0,
[2019.04.17-01.56.29:160][754]LogBlueprintUserMessages: [GameMap_C_1] 3
[2019.04.17-01.56.29:162][754]PIE: Play in editor start time for /Game/Maps/UEDPIE_0_GameMap 1.081
[2019.04.17-01.56.29:162][754]LogBlueprintUserMessages: Late PlayInEditor Detection: Level '/Game/Maps/GameMap.GameMap:PersistentLevel' has LevelScriptBlueprint '/Game/Maps/GameMap.GameMap:PersistentLevel.GameMap' with GeneratedClass '/Game/Maps/GameMap.GameMap_C' with ClassGeneratedBy '/Game/Maps/GameMap.GameMap:PersistentLevel.GameMap'
[2019.04.17-01.56.38:649][320]LogBlueprintUserMessages: Early EndPlayMap Detection: Level '/Game/Maps/GameMap.GameMap:PersistentLevel' has LevelScriptBlueprint '/Game/Maps/GameMap.GameMap:PersistentLevel.GameMap' with GeneratedClass '/Game/Maps/GameMap.GameMap_C' with ClassGeneratedBy '/Game/Maps/GameMap.GameMap:PersistentLevel.GameMap'
[2019.04.17-01.56.38:650][320]LogSlate: Updating window title bar state: overlay mode, drag disabled, window buttons hidden, title bar hidden
[2019.04.17-01.56.38:687][320]LogPlayLevel: Display: Shutting down PIE online subsystems
[2019.04.17-01.56.38:687][320]LogBlueprintUserMessages: Late EndPlayMap Detection: Level '/Game/Maps/GameMap.GameMap:PersistentLevel' has LevelScriptBlueprint '/Game/Maps/GameMap.GameMap:PersistentLevel.GameMap' with GeneratedClass '/Game/Maps/GameMap.GameMap_C' with ClassGeneratedBy '/Game/Maps/GameMap.GameMap:PersistentLevel.GameMap'
[2019.04.17-01.56.38:716][320]LogSlate: Updating window title bar state: overlay mode, drag disabled, window buttons hidden, title bar hidden
[2019.04.17-01.56.38:766][322]LogPlayLevel: Display: Destroying online subsystem :Context_5
[2019.04.17-02.02.01:114][740]LogSlate: FSceneViewport::OnFocusLost() reason 2
[2019.04.17-02.02.10:108][196]LogSlate: FSceneViewport::OnFocusLost() reason 0
[2019.04.17-02.02.10:191][201]LogTemp: Repeating last play command: Selected Viewport
[2019.04.17-02.02.10:214][201]LogBlueprintUserMessages: Early PlayInEditor Detection: Level '/Game/Maps/GameMap.GameMap:PersistentLevel' has LevelScriptBlueprint '/Game/Maps/GameMap.GameMap:PersistentLevel.GameMap' with GeneratedClass '/Game/Maps/GameMap.GameMap_C' with ClassGeneratedBy '/Game/Maps/GameMap.GameMap:PersistentLevel.GameMap'
[2019.04.17-02.02.10:214][201]LogPlayLevel: PlayLevel: No blueprints needed recompiling
[2019.04.17-02.02.10:214][201]PIE: New page: PIE session: GameMap (17 Apr 2019 04:02:10)
[2019.04.17-02.02.10:215][201]LogPlayLevel: Creating play world package: /Game/Maps/UEDPIE_0_GameMap
[2019.04.17-02.02.10:240][201]LogPlayLevel: PIE: StaticDuplicateObject took: (0.025150s)
[2019.04.17-02.02.10:241][201]LogAIModule: Creating AISystem for world GameMap
[2019.04.17-02.02.10:241][201]LogPlayLevel: PIE: World Init took: (0.001001s)
[2019.04.17-02.02.10:241][201]LogPlayLevel: PIE: Created PIE world by copying editor world from /Game/Maps/GameMap.GameMap to /Game/Maps/UEDPIE_0_GameMap.GameMap (0.026322s)
[2019.04.17-02.02.10:310][201]LogInit: XAudio2 using 'Speakers (4- M-Audio M-Track 2X2)' : 2 channels at 44.1 kHz using 16 bits per sample (channel mask 0x3)
[2019.04.17-02.02.10:320][201]LogInit: FAudioDevice initialized.
[2019.04.17-02.02.10:358][201]LogLoad: Game class is 'ThirdPersonGameMode_C'
[2019.04.17-02.02.10:365][201]LogWorld: Bringing World /Game/Maps/UEDPIE_0_GameMap.GameMap up for play (max tick rate 60) at 2019.04.17-03.02.10
[2019.04.17-02.02.10:366][201]LogWorld: Bringing up level for play took: 0.006817
[2019.04.17-02.02.10:379][201]LogPlayerManagement: Error: Failed to Create Player: A local player already exists for controller ID 0,
[2019.04.17-02.02.10:386][201]LogBlueprintUserMessages: [GameMap_C_1] 3
[2019.04.17-02.02.10:387][201]PIE: Play in editor start time for /Game/Maps/UEDPIE_0_GameMap 0.306
[2019.04.17-02.02.10:388][201]LogBlueprintUserMessages: Late PlayInEditor Detection: Level '/Game/Maps/GameMap.GameMap:PersistentLevel' has LevelScriptBlueprint '/Game/Maps/GameMap.GameMap:PersistentLevel.GameMap' with GeneratedClass '/Game/Maps/GameMap.GameMap_C' with ClassGeneratedBy '/Game/Maps/GameMap.GameMap:PersistentLevel.GameMap'
[2019.04.17-02.02.16:616][573]LogBlueprintUserMessages: Early EndPlayMap Detection: Level '/Game/Maps/GameMap.GameMap:PersistentLevel' has LevelScriptBlueprint '/Game/Maps/GameMap.GameMap:PersistentLevel.GameMap' with GeneratedClass '/Game/Maps/GameMap.GameMap_C' with ClassGeneratedBy '/Game/Maps/GameMap.GameMap:PersistentLevel.GameMap'
[2019.04.17-02.02.16:617][573]LogSlate: Updating window title bar state: overlay mode, drag disabled, window buttons hidden, title bar hidden
[2019.04.17-02.02.16:659][573]LogPlayLevel: Display: Shutting down PIE online subsystems
[2019.04.17-02.02.16:659][573]LogBlueprintUserMessages: Late EndPlayMap Detection: Level '/Game/Maps/GameMap.GameMap:PersistentLevel' has LevelScriptBlueprint '/Game/Maps/GameMap.GameMap:PersistentLevel.GameMap' with GeneratedClass '/Game/Maps/GameMap.GameMap_C' with ClassGeneratedBy '/Game/Maps/GameMap.GameMap:PersistentLevel.GameMap'
[2019.04.17-02.02.16:687][573]LogSlate: Updating window title bar state: overlay mode, drag disabled, window buttons hidden, title bar hidden
[2019.04.17-02.02.16:717][574]LogPlayLevel: Display: Destroying online subsystem :Context_6
[2019.04.17-02.02.17:681][631]LogSlate: FSceneViewport::OnFocusLost() reason 0
[2019.04.17-02.02.27:638][157]LogAssetEditorManager: Opening Asset editor for Blueprint /Game/ThievesContent/GameContent/Traps/Bomb.Bomb
[2019.04.17-02.02.35:463][329]LogSlate: Window 'Bomb' being destroyed
[2019.04.17-02.02.35:469][329]LogSlate: Window 'Bomb' being destroyed
[2019.04.17-02.02.36:724][396]LogSlate: FSceneViewport::OnFocusLost() reason 0
[2019.04.17-02.02.49:363][148]LogAssetEditorManager: Opening Asset editor for Blueprint /Game/ThievesContent/Blueprints/Player.Player
[2019.04.17-02.03.02:093][377]BlueprintLog: New page: Compile Player
[2019.04.17-02.03.03:200][380]Cmd: OBJ SAVEPACKAGE PACKAGE="/Game/ThievesContent/Blueprints/Player" FILE="C:/Users/Cormac/Desktop/PIGDEgit/PIGDE-Thieves/Content/ThievesContent/Blueprints/Player.uasset" SILENT=true
[2019.04.17-02.03.03:318][380]LogSavePackage: Moving 'C:/Users/Cormac/Desktop/PIGDEgit/PIGDE-Thieves/Saved/Player9E38400D4A22BDAF1D511485ECF097D3.tmp' to 'C:/Users/Cormac/Desktop/PIGDEgit/PIGDE-Thieves/Content/ThievesContent/Blueprints/Player.uasset'
[2019.04.17-02.03.04:703][461]LogSlate: FSceneViewport::OnFocusLost() reason 0
[2019.04.17-02.03.04:787][466]LogTemp: Repeating last play command: Selected Viewport
[2019.04.17-02.03.04:823][466]LogBlueprintUserMessages: Early PlayInEditor Detection: Level '/Game/Maps/GameMap.GameMap:PersistentLevel' has LevelScriptBlueprint '/Game/Maps/GameMap.GameMap:PersistentLevel.GameMap' with GeneratedClass '/Game/Maps/GameMap.GameMap_C' with ClassGeneratedBy '/Game/Maps/GameMap.GameMap:PersistentLevel.GameMap'
[2019.04.17-02.03.04:823][466]LogPlayLevel: PlayLevel: No blueprints needed recompiling
[2019.04.17-02.03.04:823][466]PIE: New page: PIE session: GameMap (17 Apr 2019 04:03:04)
[2019.04.17-02.03.04:824][466]LogPlayLevel: Creating play world package: /Game/Maps/UEDPIE_0_GameMap
[2019.04.17-02.03.04:847][466]LogPlayLevel: PIE: StaticDuplicateObject took: (0.023598s)
[2019.04.17-02.03.04:848][466]LogAIModule: Creating AISystem for world GameMap
[2019.04.17-02.03.04:848][466]LogPlayLevel: PIE: World Init took: (0.000999s)
[2019.04.17-02.03.04:849][466]LogPlayLevel: PIE: Created PIE world by copying editor world from /Game/Maps/GameMap.GameMap to /Game/Maps/UEDPIE_0_GameMap.GameMap (0.024849s)
[2019.04.17-02.03.05:033][466]LogInit: XAudio2 using 'Speakers (4- M-Audio M-Track 2X2)' : 2 channels at 44.1 kHz using 16 bits per sample (channel mask 0x3)
[2019.04.17-02.03.05:040][466]LogInit: FAudioDevice initialized.
[2019.04.17-02.03.05:071][466]LogLoad: Game class is 'ThirdPersonGameMode_C'
[2019.04.17-02.03.05:078][466]LogWorld: Bringing World /Game/Maps/UEDPIE_0_GameMap.GameMap up for play (max tick rate 60) at 2019.04.17-03.03.05
[2019.04.17-02.03.05:078][466]LogWorld: Bringing up level for play took: 0.006353
[2019.04.17-02.03.05:091][466]LogPlayerManagement: Error: Failed to Create Player: A local player already exists for controller ID 0,
[2019.04.17-02.03.05:100][466]LogBlueprintUserMessages: [GameMap_C_1] 3
[2019.04.17-02.03.05:101][466]PIE: Play in editor start time for /Game/Maps/UEDPIE_0_GameMap 1.02
[2019.04.17-02.03.05:102][466]LogBlueprintUserMessages: Late PlayInEditor Detection: Level '/Game/Maps/GameMap.GameMap:PersistentLevel' has LevelScriptBlueprint '/Game/Maps/GameMap.GameMap:PersistentLevel.GameMap' with GeneratedClass '/Game/Maps/GameMap.GameMap_C' with ClassGeneratedBy '/Game/Maps/GameMap.GameMap:PersistentLevel.GameMap'
[2019.04.17-02.03.11:325][819]LogBlueprintUserMessages: Early EndPlayMap Detection: Level '/Game/Maps/GameMap.GameMap:PersistentLevel' has LevelScriptBlueprint '/Game/Maps/GameMap.GameMap:PersistentLevel.GameMap' with GeneratedClass '/Game/Maps/GameMap.GameMap_C' with ClassGeneratedBy '/Game/Maps/GameMap.GameMap:PersistentLevel.GameMap'
[2019.04.17-02.03.11:326][819]LogSlate: Updating window title bar state: overlay mode, drag disabled, window buttons hidden, title bar hidden
[2019.04.17-02.03.11:364][819]LogPlayLevel: Display: Shutting down PIE online subsystems
[2019.04.17-02.03.11:364][819]LogBlueprintUserMessages: Late EndPlayMap Detection: Level '/Game/Maps/GameMap.GameMap:PersistentLevel' has LevelScriptBlueprint '/Game/Maps/GameMap.GameMap:PersistentLevel.GameMap' with GeneratedClass '/Game/Maps/GameMap.GameMap_C' with ClassGeneratedBy '/Game/Maps/GameMap.GameMap:PersistentLevel.GameMap'
[2019.04.17-02.03.11:395][819]LogSlate: Updating window title bar state: overlay mode, drag disabled, window buttons hidden, title bar hidden
[2019.04.17-02.03.11:431][820]LogPlayLevel: Display: Destroying online subsystem :Context_19
[2019.04.17-02.03.12:481][879]LogSlate: FSceneViewport::OnFocusLost() reason 2
[2019.04.17-02.03.24:399][ 70]BlueprintLog: New page: Compile Player
[2019.04.17-02.03.25:414][ 77]Cmd: OBJ SAVEPACKAGE PACKAGE="/Game/ThievesContent/Blueprints/Player" FILE="C:/Users/Cormac/Desktop/PIGDEgit/PIGDE-Thieves/Content/ThievesContent/Blueprints/Player.uasset" SILENT=true
[2019.04.17-02.03.25:507][ 77]LogSavePackage: Moving 'C:/Users/Cormac/Desktop/PIGDEgit/PIGDE-Thieves/Saved/Player0BF5613A4586F0CB6FB26A914895818A.tmp' to 'C:/Users/Cormac/Desktop/PIGDEgit/PIGDE-Thieves/Content/ThievesContent/Blueprints/Player.uasset'
[2019.04.17-02.03.26:269][122]LogSlate: FSceneViewport::OnFocusLost() reason 0
[2019.04.17-02.03.26:352][127]LogTemp: Repeating last play command: Selected Viewport
[2019.04.17-02.03.26:375][127]LogBlueprintUserMessages: Early PlayInEditor Detection: Level '/Game/Maps/GameMap.GameMap:PersistentLevel' has LevelScriptBlueprint '/Game/Maps/GameMap.GameMap:PersistentLevel.GameMap' with GeneratedClass '/Game/Maps/GameMap.GameMap_C' with ClassGeneratedBy '/Game/Maps/GameMap.GameMap:PersistentLevel.GameMap'
[2019.04.17-02.03.26:375][127]LogPlayLevel: PlayLevel: No blueprints needed recompiling
[2019.04.17-02.03.26:376][127]PIE: New page: PIE session: GameMap (17 Apr 2019 04:03:26)
[2019.04.17-02.03.26:376][127]LogPlayLevel: Creating play world package: /Game/Maps/UEDPIE_0_GameMap
[2019.04.17-02.03.26:400][127]LogPlayLevel: PIE: StaticDuplicateObject took: (0.023555s)
[2019.04.17-02.03.26:400][127]LogAIModule: Creating AISystem for world GameMap
[2019.04.17-02.03.26:401][127]LogPlayLevel: PIE: World Init took: (0.001024s)
[2019.04.17-02.03.26:401][127]LogPlayLevel: PIE: Created PIE world by copying editor world from /Game/Maps/GameMap.GameMap to /Game/Maps/UEDPIE_0_GameMap.GameMap (0.024837s)
[2019.04.17-02.03.26:471][127]LogInit: XAudio2 using 'Speakers (4- M-Audio M-Track 2X2)' : 2 channels at 44.1 kHz using 16 bits per sample (channel mask 0x3)
[2019.04.17-02.03.26:479][127]LogInit: FAudioDevice initialized.
[2019.04.17-02.03.26:510][127]LogLoad: Game class is 'ThirdPersonGameMode_C'
[2019.04.17-02.03.26:517][127]LogWorld: Bringing World /Game/Maps/UEDPIE_0_GameMap.GameMap up for play (max tick rate 60) at 2019.04.17-03.03.26
[2019.04.17-02.03.26:517][127]LogWorld: Bringing up level for play took: 0.006145
[2019.04.17-02.03.26:530][127]LogPlayerManagement: Error: Failed to Create Player: A local player already exists for controller ID 0,
[2019.04.17-02.03.26:540][127]LogBlueprintUserMessages: [GameMap_C_1] 3
[2019.04.17-02.03.26:541][127]PIE: Play in editor start time for /Game/Maps/UEDPIE_0_GameMap 0.46
[2019.04.17-02.03.26:542][127]LogBlueprintUserMessages: Late PlayInEditor Detection: Level '/Game/Maps/GameMap.GameMap:PersistentLevel' has LevelScriptBlueprint '/Game/Maps/GameMap.GameMap:PersistentLevel.GameMap' with GeneratedClass '/Game/Maps/GameMap.GameMap_C' with ClassGeneratedBy '/Game/Maps/GameMap.GameMap:PersistentLevel.GameMap'
[2019.04.17-02.03.32:842][486]LogSpawn: Warning: SpawnActor failed because of collision at the spawn location [X=590.453 Y=-1139.175 Z=257.251] for [Bomb_C]
[2019.04.17-02.03.41:894][ 11]LogSpawn: Warning: SpawnActor failed because of collision at the spawn location [X=554.576 Y=-1769.277 Z=257.251] for [Bomb_C]
[2019.04.17-02.03.45:907][251]LogSpawn: Warning: SpawnActor failed because of collision at the spawn location [X=394.725 Y=-1140.439 Z=257.251] for [Bomb_C]
[2019.04.17-02.03.50:106][502]LogSpawn: Warning: SpawnActor failed because of collision at the spawn location [X=173.471 Y=-641.569 Z=257.251] for [Bomb_C]
[2019.04.17-02.03.50:725][539]LogBlueprintUserMessages: Early EndPlayMap Detection: Level '/Game/Maps/GameMap.GameMap:PersistentLevel' has LevelScriptBlueprint '/Game/Maps/GameMap.GameMap:PersistentLevel.GameMap' with GeneratedClass '/Game/Maps/GameMap.GameMap_C' with ClassGeneratedBy '/Game/Maps/GameMap.GameMap:PersistentLevel.GameMap'
[2019.04.17-02.03.50:726][539]LogSlate: Updating window title bar state: overlay mode, drag disabled, window buttons hidden, title bar hidden
[2019.04.17-02.03.50:765][539]LogPlayLevel: Display: Shutting down PIE online subsystems
[2019.04.17-02.03.50:765][539]LogBlueprintUserMessages: Late EndPlayMap Detection: Level '/Game/Maps/GameMap.GameMap:PersistentLevel' has LevelScriptBlueprint '/Game/Maps/GameMap.GameMap:PersistentLevel.GameMap' with GeneratedClass '/Game/Maps/GameMap.GameMap_C' with ClassGeneratedBy '/Game/Maps/GameMap.GameMap:PersistentLevel.GameMap'
[2019.04.17-02.03.50:798][539]LogSlate: Updating window title bar state: overlay mode, drag disabled, window buttons hidden, title bar hidden
[2019.04.17-02.03.50:836][540]LogPlayLevel: Display: Destroying online subsystem :Context_20
[2019.04.17-02.03.54:717][770]LogSlate: FSceneViewport::OnFocusLost() reason 2
[2019.04.17-02.03.59:170][853]BlueprintLog: New page: Compile Player
[2019.04.17-02.04.00:138][859]Cmd: OBJ SAVEPACKAGE PACKAGE="/Game/ThievesContent/Blueprints/Player" FILE="C:/Users/Cormac/Desktop/PIGDEgit/PIGDE-Thieves/Content/ThievesContent/Blueprints/Player.uasset" SILENT=true
[2019.04.17-02.04.00:243][859]LogSavePackage: Moving 'C:/Users/Cormac/Desktop/PIGDEgit/PIGDE-Thieves/Saved/Player19D9E4F94B1D9040A505E4B54503926F.tmp' to 'C:/Users/Cormac/Desktop/PIGDEgit/PIGDE-Thieves/Content/ThievesContent/Blueprints/Player.uasset'
[2019.04.17-02.04.01:677][926]LogSlate: FSceneViewport::OnFocusLost() reason 0
[2019.04.17-02.04.01:741][930]LogTemp: Repeating last play command: Selected Viewport
[2019.04.17-02.04.01:764][930]LogBlueprintUserMessages: Early PlayInEditor Detection: Level '/Game/Maps/GameMap.GameMap:PersistentLevel' has LevelScriptBlueprint '/Game/Maps/GameMap.GameMap:PersistentLevel.GameMap' with GeneratedClass '/Game/Maps/GameMap.GameMap_C' with ClassGeneratedBy '/Game/Maps/GameMap.GameMap:PersistentLevel.GameMap'
[2019.04.17-02.04.01:764][930]LogPlayLevel: PlayLevel: No blueprints needed recompiling
[2019.04.17-02.04.01:764][930]PIE: New page: PIE session: GameMap (17 Apr 2019 04:04:01)
[2019.04.17-02.04.01:765][930]LogPlayLevel: Creating play world package: /Game/Maps/UEDPIE_0_GameMap
[2019.04.17-02.04.01:789][930]LogPlayLevel: PIE: StaticDuplicateObject took: (0.024686s)
[2019.04.17-02.04.01:791][930]LogAIModule: Creating AISystem for world GameMap
[2019.04.17-02.04.01:791][930]LogPlayLevel: PIE: World Init took: (0.001358s)
[2019.04.17-02.04.01:791][930]LogPlayLevel: PIE: Created PIE world by copying editor world from /Game/Maps/GameMap.GameMap to /Game/Maps/UEDPIE_0_GameMap.GameMap (0.026300s)
[2019.04.17-02.04.01:865][930]LogInit: XAudio2 using 'Speakers (4- M-Audio M-Track 2X2)' : 2 channels at 44.1 kHz using 16 bits per sample (channel mask 0x3)
[2019.04.17-02.04.01:872][930]LogInit: FAudioDevice initialized.
[2019.04.17-02.04.01:901][930]LogLoad: Game class is 'ThirdPersonGameMode_C'
[2019.04.17-02.04.01:907][930]LogWorld: Bringing World /Game/Maps/UEDPIE_0_GameMap.GameMap up for play (max tick rate 60) at 2019.04.17-03.04.01
[2019.04.17-02.04.01:908][930]LogWorld: Bringing up level for play took: 0.005399
[2019.04.17-02.04.01:920][930]LogPlayerManagement: Error: Failed to Create Player: A local player already exists for controller ID 0,
[2019.04.17-02.04.01:928][930]LogBlueprintUserMessages: [GameMap_C_1] 3
[2019.04.17-02.04.01:929][930]PIE: Play in editor start time for /Game/Maps/UEDPIE_0_GameMap -0.152
[2019.04.17-02.04.01:930][930]LogBlueprintUserMessages: Late PlayInEditor Detection: Level '/Game/Maps/GameMap.GameMap:PersistentLevel' has LevelScriptBlueprint '/Game/Maps/GameMap.GameMap:PersistentLevel.GameMap' with GeneratedClass '/Game/Maps/GameMap.GameMap_C' with ClassGeneratedBy '/Game/Maps/GameMap.GameMap:PersistentLevel.GameMap'
[2019.04.17-02.04.27:571][462]LogBlueprintUserMessages: Early EndPlayMap Detection: Level '/Game/Maps/GameMap.GameMap:PersistentLevel' has LevelScriptBlueprint '/Game/Maps/GameMap.GameMap:PersistentLevel.GameMap' with GeneratedClass '/Game/Maps/GameMap.GameMap_C' with ClassGeneratedBy '/Game/Maps/GameMap.GameMap:PersistentLevel.GameMap'
[2019.04.17-02.04.27:571][462]LogSlate: Updating window title bar state: overlay mode, drag disabled, window buttons hidden, title bar hidden
[2019.04.17-02.04.27:614][462]LogPlayLevel: Display: Shutting down PIE online subsystems
[2019.04.17-02.04.27:614][462]LogBlueprintUserMessages: Late EndPlayMap Detection: Level '/Game/Maps/GameMap.GameMap:PersistentLevel' has LevelScriptBlueprint '/Game/Maps/GameMap.GameMap:PersistentLevel.GameMap' with GeneratedClass '/Game/Maps/GameMap.GameMap_C' with ClassGeneratedBy '/Game/Maps/GameMap.GameMap:PersistentLevel.GameMap'
[2019.04.17-02.04.27:642][462]LogSlate: Updating window title bar state: overlay mode, drag disabled, window buttons hidden, title bar hidden
[2019.04.17-02.04.27:673][463]LogPlayLevel: Display: Destroying online subsystem :Context_21
[2019.04.17-02.04.29:282][559]LogSlate: FSceneViewport::OnFocusLost() reason 0
[2019.04.17-02.17.56:671][  0]LogSlate: FSceneViewport::OnFocusLost() reason 0
[2019.04.17-02.17.56:916][  6]LogSlate: Window 'Player' being destroyed
[2019.04.17-02.17.57:258][  6]LogSlate: Window 'Thieves - Unreal Editor' being destroyed
[2019.04.17-02.17.57:259][  6]LogWindowsTextInputMethodSystem: Display: IME system now deactivated.
[2019.04.17-02.17.57:471][  7]Cmd: QUIT_EDITOR
[2019.04.17-02.17.57:598][  7]LogExit: Preparing to exit.
[2019.04.17-02.17.58:001][  7]LogExit: Editor shut down
[2019.04.17-02.17.58:001][  7]LogExit: Transaction tracking system shut down
[2019.04.17-02.17.58:479][  7]LogExit: Object subsystem successfully closed.
[2019.04.17-02.17.58:500][  7]LogShaderCompilers: Display: Shaders left to compile 0
[2019.04.17-02.17.58:504][  7]LogD3D11RHI: Shutdown
[2019.04.17-02.17.58:504][  7]LogD3D11RHI: CleanupD3DDevice
[2019.04.17-02.17.58:506][  7]LogD3D11RHI: ~FD3D11DynamicRHI
[2019.04.17-02.17.58:520][  7]LogModuleManager: Shutting down and abandoning module BlueprintGraph (620)
[2019.04.17-02.17.58:520][  7]LogModuleManager: Shutting down and abandoning module MovieSceneCapture (618)
[2019.04.17-02.17.58:520][  7]LogModuleManager: Shutting down and abandoning module Voice (616)
[2019.04.17-02.17.58:520][  7]LogModuleManager: Shutting down and abandoning module HierarchicalLODOutliner (614)
[2019.04.17-02.17.58:520][  7]LogModuleManager: Shutting down and abandoning module SceneOutliner (612)
[2019.04.17-02.17.58:520][  7]LogModuleManager: Shutting down and abandoning module AddContentDialog (610)
[2019.04.17-02.17.58:527][  7]LogModuleManager: Shutting down and abandoning module WidgetCarousel (609)
[2019.04.17-02.17.58:527][  7]LogModuleManager: Shutting down and abandoning module EditorWidgets (606)
[2019.04.17-02.17.58:527][  7]LogModuleManager: Shutting down and abandoning module CollectionManager (604)
[2019.04.17-02.17.58:528][  7]LogModuleManager: Shutting down and abandoning module StatsViewer (602)
[2019.04.17-02.17.58:528][  7]LogModuleManager: Shutting down and abandoning module FoliageEdit (600)
[2019.04.17-02.17.58:528][  7]LogModuleManager: Shutting down and abandoning module LandscapeEditor (598)
[2019.04.17-02.17.58:528][  7]LogModuleManager: Shutting down and abandoning module MeshPaintMode (596)
[2019.04.17-02.17.58:528][  7]LogModuleManager: Shutting down and abandoning module SceneDepthPickerMode (594)
[2019.04.17-02.17.58:528][  7]LogModuleManager: Shutting down and abandoning module ActorPickerMode (592)
[2019.04.17-02.17.58:528][  7]LogModuleManager: Shutting down and abandoning module GeometryMode (590)
[2019.04.17-02.17.58:528][  7]LogModuleManager: Shutting down and abandoning module TextureAlignMode (588)
[2019.04.17-02.17.58:528][  7]LogModuleManager: Shutting down and abandoning module BspMode (586)
[2019.04.17-02.17.58:528][  7]LogModuleManager: Shutting down and abandoning module PIEPreviewDeviceProfileSelector (584)
[2019.04.17-02.17.58:528][  7]LogModuleManager: Shutting down and abandoning module SequenceRecorderSections (582)
[2019.04.17-02.17.58:528][  7]LogModuleManager: Shutting down and abandoning module AutomationWorker (580)
[2019.04.17-02.17.58:528][  7]LogModuleManager: Shutting down and abandoning module AudioCaptureEditor (578)
[2019.04.17-02.17.58:528][  7]LogModuleManager: Shutting down and abandoning module SequenceRecorder (577)
[2019.04.17-02.17.58:528][  7]LogModuleManager: Shutting down and abandoning module MatineeToLevelSequence (574)
[2019.04.17-02.17.58:528][  7]LogModuleManager: Shutting down and abandoning module LevelSequenceEditor (572)
[2019.04.17-02.17.58:528][  7]LogModuleManager: Shutting down and abandoning module PlacementMode (571)
[2019.04.17-02.17.58:528][  7]LogModuleManager: Shutting down and abandoning module MaterialEditor (570)
[2019.04.17-02.17.58:528][  7]LogModuleManager: Shutting down and abandoning module WmfMediaFactory (566)
[2019.04.17-02.17.58:529][  7]LogModuleManager: Shutting down and abandoning module WmfMediaEditor (564)
[2019.04.17-02.17.58:529][  7]LogModuleManager: Shutting down and abandoning module MediaPlayerEditor (562)
[2019.04.17-02.17.58:529][  7]LogModuleManager: Shutting down and abandoning module OpenExrWrapper (560)
[2019.04.17-02.17.58:529][  7]LogModuleManager: Shutting down and abandoning module ImgMediaFactory (558)
[2019.04.17-02.17.58:529][  7]LogModuleManager: Shutting down and abandoning module ImgMediaEditor (556)
[2019.04.17-02.17.58:529][  7]LogModuleManager: Shutting down and abandoning module AvfMediaFactory (554)
[2019.04.17-02.17.58:529][  7]LogModuleManager: Shutting down and abandoning module AvfMediaEditor (552)
[2019.04.17-02.17.58:529][  7]LogModuleManager: Shutting down and abandoning module AndroidMediaFactory (550)
[2019.04.17-02.17.58:529][  7]LogModuleManager: Shutting down and abandoning module AndroidMediaEditor (548)
[2019.04.17-02.17.58:529][  7]LogModuleManager: Shutting down and abandoning module MagicLeapCameraPreviewFactory (546)
[2019.04.17-02.17.58:529][  7]LogModuleManager: Shutting down and abandoning module MagicLeapMediaFactory (544)
[2019.04.17-02.17.58:529][  7]LogModuleManager: Shutting down and abandoning module MagicLeapMediaEditor (542)
[2019.04.17-02.17.58:529][  7]LogModuleManager: Shutting down and abandoning module CharacterAI (540)
[2019.04.17-02.17.58:529][  7]LogModuleManager: Shutting down and abandoning module SmartSnapping (538)
[2019.04.17-02.17.58:529][  7]LogModuleManager: Shutting down and abandoning module SessionServices (536)
[2019.04.17-02.17.58:529][  7]LogModuleManager: Shutting down and abandoning module ViewportSnapping (534)
[2019.04.17-02.17.58:529][  7]LogModuleManager: Shutting down and abandoning module ViewportInteraction (532)
[2019.04.17-02.17.58:529][  7]LogModuleManager: Shutting down and abandoning module ClothPainter (530)
[2019.04.17-02.17.58:529][  7]LogModuleManager: Shutting down and abandoning module SkeletalMeshEditor (529)
[2019.04.17-02.17.58:529][  7]LogModuleManager: Shutting down and abandoning module LogVisualizer (526)
[2019.04.17-02.17.58:529][  7]LogModuleManager: Shutting down and abandoning module IntroTutorials (524)
[2019.04.17-02.17.58:529][  7]LogModuleManager: Shutting down and abandoning module GameProjectGeneration (523)
[2019.04.17-02.17.58:529][  7]LogModuleManager: Shutting down and abandoning module LuminPlatformEditor (520)
[2019.04.17-02.17.58:529][  7]LogModuleManager: Shutting down and abandoning module IOSPlatformEditor (518)
[2019.04.17-02.17.58:529][  7]LogModuleManager: Shutting down and abandoning module HTML5PlatformEditor (516)
[2019.04.17-02.17.58:529][  7]LogModuleManager: Shutting down and abandoning module AndroidPlatformEditor (514)
[2019.04.17-02.17.58:529][  7]LogModuleManager: Shutting down and abandoning module AndroidDeviceDetection (513)
[2019.04.17-02.17.59:371][  7]LogModuleManager: Shutting down and abandoning module WindowsPlatformEditor (510)
[2019.04.17-02.17.59:371][  7]LogModuleManager: Shutting down and abandoning module LuminRuntimeSettings (508)
[2019.04.17-02.17.59:371][  7]LogModuleManager: Shutting down and abandoning module IOSRuntimeSettings (506)
[2019.04.17-02.17.59:371][  7]LogModuleManager: Shutting down and abandoning module AndroidRuntimeSettings (504)
[2019.04.17-02.17.59:371][  7]LogModuleManager: Shutting down and abandoning module InputBindingEditor (502)
[2019.04.17-02.17.59:371][  7]LogModuleManager: Shutting down and abandoning module MergeActors (500)
[2019.04.17-02.17.59:371][  7]LogModuleManager: Shutting down and abandoning module LocalizationDashboard (498)
[2019.04.17-02.17.59:371][  7]LogModuleManager: Shutting down and abandoning module LocalizationService (497)
[2019.04.17-02.17.59:371][  7]LogModuleManager: Shutting down and abandoning module HardwareTargeting (494)
[2019.04.17-02.17.59:371][  7]LogModuleManager: Shutting down and abandoning module DeviceProfileEditor (492)
[2019.04.17-02.17.59:371][  7]LogModuleManager: Shutting down and abandoning module UndoHistory (490)
[2019.04.17-02.17.59:371][  7]LogModuleManager: Shutting down and abandoning module XmlParser (488)
[2019.04.17-02.17.59:371][  7]LogModuleManager: Shutting down and abandoning module Blutility (486)
[2019.04.17-02.17.59:371][  7]LogModuleManager: Shutting down and abandoning module ProjectSettingsViewer (484)
[2019.04.17-02.17.59:372][  7]LogModuleManager: Shutting down and abandoning module ProjectTargetPlatformEditor (483)
[2019.04.17-02.17.59:372][  7]LogModuleManager: Shutting down and abandoning module EditorSettingsViewer (480)
[2019.04.17-02.17.59:372][  7]LogModuleManager: Shutting down and abandoning module SettingsEditor (478)
[2019.04.17-02.17.59:372][  7]LogModuleManager: Shutting down and abandoning module ProjectLauncher (476)
[2019.04.17-02.17.59:372][  7]LogModuleManager: Shutting down and abandoning module SessionFrontend (474)
[2019.04.17-02.17.59:372][  7]LogModuleManager: Shutting down and abandoning module ProfilerClient (472)
[2019.04.17-02.17.59:372][  7]LogModuleManager: Shutting down and abandoning module DeviceManager (470)
[2019.04.17-02.17.59:372][  7]LogModuleManager: Shutting down and abandoning module TargetDeviceServices (469)
[2019.04.17-02.17.59:438][  7]LogModuleManager: Shutting down and abandoning module AutomationController (466)
[2019.04.17-02.17.59:438][  7]LogModuleManager: Shutting down and abandoning module AutomationWindow (464)
[2019.04.17-02.17.59:438][  7]LogModuleManager: Shutting down and abandoning module Layers (462)
[2019.04.17-02.17.59:438][  7]LogModuleManager: Shutting down and abandoning module ComponentVisualizers (460)
[2019.04.17-02.17.59:438][  7]LogModuleManager: Shutting down and abandoning module DetailCustomizations (458)
[2019.04.17-02.17.59:438][  7]LogModuleManager: Shutting down and abandoning module PackagesDialog (456)
[2019.04.17-02.17.59:438][  7]LogModuleManager: Shutting down and abandoning module Persona (454)
[2019.04.17-02.17.59:438][  7]LogModuleManager: Shutting down and abandoning module AdvancedPreviewScene (453)
[2019.04.17-02.17.59:439][  7]LogModuleManager: Shutting down and abandoning module AnimGraph (451)
[2019.04.17-02.17.59:439][  7]LogModuleManager: Shutting down and abandoning module Kismet (448)
[2019.04.17-02.17.59:446][  7]LogModuleManager: Shutting down and abandoning module GraphEditor (446)
[2019.04.17-02.17.59:446][  7]LogModuleManager: Shutting down and abandoning module ClassViewer (444)
[2019.04.17-02.17.59:446][  7]LogModuleManager: Shutting down and abandoning module Toolbox (442)
[2019.04.17-02.17.59:446][  7]LogModuleManager: Shutting down and abandoning module ModuleUI (440)
[2019.04.17-02.17.59:446][  7]LogModuleManager: Shutting down and abandoning module MovieSceneTools (438)
[2019.04.17-02.17.59:446][  7]LogModuleManager: Shutting down and abandoning module OutputLog (436)
[2019.04.17-02.17.59:446][  7]LogModuleManager: Shutting down and abandoning module GammaUI (434)
[2019.04.17-02.17.59:446][  7]LogModuleManager: Shutting down and abandoning module Documentation (432)
[2019.04.17-02.17.59:446][  7]LogModuleManager: Shutting down and abandoning module MovieSceneTracks (430)
[2019.04.17-02.17.59:446][  7]LogModuleManager: Shutting down and abandoning module MovieScene (428)
[2019.04.17-02.17.59:446][  7]LogModuleManager: Shutting down and abandoning module StreamingPauseRendering (426)
[2019.04.17-02.17.59:446][  7]LogModuleManager: Shutting down and abandoning module LauncherPlatform (424)
[2019.04.17-02.17.59:446][  7]LogModuleManager: Shutting down and abandoning module AnalyticsET (422)
[2019.04.17-02.17.59:446][  7]LogModuleManager: Shutting down and abandoning module PortalServices (420)
[2019.04.17-02.17.59:446][  7]LogModuleManager: Shutting down and abandoning module PortalRpc (418)
[2019.04.17-02.17.59:446][  7]LogModuleManager: Shutting down and abandoning module MessagingRpc (416)
[2019.04.17-02.17.59:446][  7]LogModuleManager: Shutting down and abandoning module AIModule (414)
[2019.04.17-02.17.59:446][  7]LogModuleManager: Shutting down and abandoning module GameplayDebugger (413)
[2019.04.17-02.17.59:446][  7]LogModuleManager: Shutting down and abandoning module AITestSuite (411)
[2019.04.17-02.17.59:446][  7]LogModuleManager: Shutting down and abandoning module NavigationSystem (409)
[2019.04.17-02.17.59:446][  7]LogModuleManager: Shutting down and abandoning module DesktopPlatform (406)
[2019.04.17-02.17.59:446][  7]LogModuleManager: Shutting down and abandoning module ProfilerService (404)
[2019.04.17-02.17.59:568][  7]LogModuleManager: Shutting down and abandoning module TaskGraph (402)
[2019.04.17-02.17.59:568][  7]LogModuleManager: Shutting down and abandoning module SteamVRController (400)
[2019.04.17-02.17.59:568][  7]LogModuleManager: Shutting down and abandoning module ProceduralMeshComponentEditor (398)
[2019.04.17-02.17.59:568][  7]LogModuleManager: Shutting down and abandoning module ProceduralMeshComponent (396)
[2019.04.17-02.17.59:568][  7]LogModuleManager: Shutting down and abandoning module OculusInput (394)
[2019.04.17-02.17.59:568][  7]LogModuleManager: Shutting down and abandoning module MobilePatchingUtils (392)
[2019.04.17-02.17.59:568][  7]LogModuleManager: Shutting down and abandoning module EditableMesh (390)
[2019.04.17-02.17.59:569][  7]LogModuleManager: Shutting down and abandoning module CustomMeshComponent (388)
[2019.04.17-02.17.59:569][  7]LogModuleManager: Shutting down and abandoning module CableComponent (386)
[2019.04.17-02.17.59:569][  7]LogModuleManager: Shutting down and abandoning module AudioCapture (384)
[2019.04.17-02.17.59:569][  7]LogModuleManager: Shutting down and abandoning module ArchVisCharacter (382)
[2019.04.17-02.17.59:569][  7]LogModuleManager: Shutting down and abandoning module AndroidPermission (380)
[2019.04.17-02.17.59:569][  7]LogModuleManager: Shutting down and abandoning module NUTUnrealEngine4 (378)
[2019.04.17-02.17.59:569][  7]LogModuleManager: Shutting down and abandoning module NetcodeUnitTest (376)
[2019.04.17-02.17.59:569][  7]LogModuleManager: Shutting down and abandoning module MediaCompositingEditor (374)
[2019.04.17-02.17.59:569][  7]LogModuleManager: Shutting down and abandoning module MediaCompositing (372)
[2019.04.17-02.17.59:569][  7]LogModuleManager: Shutting down and abandoning module LinearTimecode (370)
[2019.04.17-02.17.59:569][  7]LogModuleManager: Shutting down and abandoning module ImgMedia (368)
[2019.04.17-02.17.59:572][  7]LogModuleManager: Shutting down and abandoning module HTML5Networking (366)
[2019.04.17-02.17.59:572][  7]LogModuleManager: Shutting down and abandoning module GeometryCacheTracks (364)
[2019.04.17-02.17.59:572][  7]LogModuleManager: Shutting down and abandoning module GeometryCacheSequencer (362)
[2019.04.17-02.17.59:572][  7]LogModuleManager: Shutting down and abandoning module BackChannel (360)
[2019.04.17-02.17.59:572][  7]LogModuleManager: Shutting down and abandoning module AppleVision (358)
[2019.04.17-02.17.59:572][  7]LogModuleManager: Shutting down and abandoning module AppleImageUtils (356)
[2019.04.17-02.17.59:572][  7]LogModuleManager: Shutting down and abandoning module AlembicImporter (354)
[2019.04.17-02.17.59:572][  7]LogModuleManager: Shutting down and abandoning module AlembicLibrary (353)
[2019.04.17-02.17.59:572][  7]LogModuleManager: Shutting down and abandoning module GeometryCache (352)
[2019.04.17-02.17.59:572][  7]LogModuleManager: Shutting down and abandoning module GeometryCacheEd (351)
[2019.04.17-02.17.59:572][  7]LogModuleManager: Shutting down and abandoning module DatasmithContentEditor (346)
[2019.04.17-02.17.59:572][  7]LogModuleManager: Shutting down and abandoning module DatasmithContent (344)
[2019.04.17-02.17.59:573][  7]LogModuleManager: Shutting down and abandoning module SpeedTreeImporter (342)
[2019.04.17-02.17.59:573][  7]LogModuleManager: Shutting down and abandoning module PluginBrowser (340)
[2019.04.17-02.17.59:573][  7]LogModuleManager: Shutting down and abandoning module MobileLauncherProfileWizard (338)
[2019.04.17-02.17.59:573][  7]LogModuleManager: Shutting down and abandoning module PolygonModeling (336)
[2019.04.17-02.17.59:573][  7]LogModuleManager: Shutting down and abandoning module MeshEditor (334)
[2019.04.17-02.17.59:573][  7]LogModuleManager: Shutting down and abandoning module CryptoKeysOpenSSL (332)
[2019.04.17-02.17.59:573][  7]LogModuleManager: Shutting down and abandoning module CryptoKeys (330)
[2019.04.17-02.17.59:573][  7]LogModuleManager: Shutting down and abandoning module VisualStudioSourceCodeAccess (328)
[2019.04.17-02.17.59:573][  7]LogModuleManager: Shutting down and abandoning module VisualStudioCodeSourceCodeAccess (326)
[2019.04.17-02.17.59:573][  7]LogModuleManager: Shutting down and abandoning module UObjectPlugin (324)
[2019.04.17-02.17.59:573][  7]LogModuleManager: Shutting down and abandoning module SubversionSourceControl (322)
[2019.04.17-02.17.59:573][  7]LogModuleManager: Shutting down and abandoning module PerforceSourceControl (320)
[2019.04.17-02.17.59:573][  7]LogModuleManager: Shutting down and abandoning module GitSourceControl (318)
[2019.04.17-02.17.59:573][  7]LogModuleManager: Shutting down and abandoning module SourceControl (317)
[2019.04.17-02.17.59:573][  7]LogModuleManager: Shutting down and abandoning module CLionSourceCodeAccess (314)
[2019.04.17-02.17.59:573][  7]LogModuleManager: Shutting down and abandoning module LightPropagationVolumeEditor (312)
[2019.04.17-02.17.59:573][  7]LogModuleManager: Shutting down and abandoning module PaperTiledImporter (310)
[2019.04.17-02.17.59:573][  7]LogModuleManager: Shutting down and abandoning module PaperSpriteSheetImporter (308)
[2019.04.17-02.17.59:573][  7]LogModuleManager: Shutting down and abandoning module Paper2DEditor (306)
[2019.04.17-02.17.59:573][  7]LogModuleManager: Shutting down and abandoning module MeshPaint (305)
[2019.04.17-02.17.59:573][  7]LogModuleManager: Shutting down and abandoning module RuntimePhysXCooking (302)
[2019.04.17-02.17.59:573][  7]LogModuleManager: Shutting down and abandoning module PhysXVehiclesEditor (300)
[2019.04.17-02.17.59:573][  7]LogModuleManager: Shutting down and abandoning module PhysXVehicles (298)
[2019.04.17-02.17.59:573][  7]LogModuleManager: Shutting down and abandoning module OculusEditor (296)
[2019.04.17-02.17.59:573][  7]LogModuleManager: Shutting down and abandoning module LocationServicesBPLibrary (294)
[2019.04.17-02.17.59:573][  7]LogModuleManager: Shutting down and abandoning module ImmediatePhysicsEditor (292)
[2019.04.17-02.17.59:573][  7]LogModuleManager: Shutting down and abandoning module ImmediatePhysics (290)
[2019.04.17-02.17.59:573][  7]LogModuleManager: Shutting down and abandoning module ApexDestructionEditor (288)
[2019.04.17-02.17.59:573][  7]LogModuleManager: Shutting down and abandoning module ApexDestruction (286)
[2019.04.17-02.17.59:573][  7]LogModuleManager: Shutting down and abandoning module ActorSequence (284)
[2019.04.17-02.17.59:573][  7]LogModuleManager: Shutting down and abandoning module UdpMessaging (282)
[2019.04.17-02.17.59:675][  7]LogModuleManager: Shutting down and abandoning module TcpMessaging (280)
[2019.04.17-02.17.59:776][  7]LogModuleManager: Shutting down and abandoning module MagicLeapAudio (278)
[2019.04.17-02.17.59:776][  7]LogModuleManager: Shutting down and abandoning module GameplayTagsEditor (276)
[2019.04.17-02.17.59:776][  7]LogModuleManager: Shutting down and abandoning module FacialAnimationEditor (274)
[2019.04.17-02.17.59:776][  7]LogModuleManager: Shutting down and abandoning module FacialAnimation (272)
[2019.04.17-02.17.59:776][  7]LogModuleManager: Shutting down and abandoning module DataValidation (270)
[2019.04.17-02.17.59:776][  7]LogModuleManager: Shutting down and abandoning module AssetManagerEditor (268)
[2019.04.17-02.17.59:776][  7]LogModuleManager: Shutting down and abandoning module LevelEditor (267)
[2019.04.17-02.17.59:777][  7]LogModuleManager: Shutting down and abandoning module PixelInspectorModule (266)
[2019.04.17-02.17.59:777][  7]LogModuleManager: Shutting down and abandoning module CommonMenuExtensions (264)
[2019.04.17-02.17.59:777][  7]LogModuleManager: Shutting down and abandoning module MainFrame (262)
[2019.04.17-02.17.59:777][  7]LogModuleManager: Shutting down and abandoning module HotReload (261)
[2019.04.17-02.17.59:777][  7]LogModuleManager: Shutting down and abandoning module ContentBrowser (257)
[2019.04.17-02.17.59:778][  7]LogModuleManager: Shutting down and abandoning module TreeMap (255)
[2019.04.17-02.17.59:778][  7]LogModuleManager: Shutting down and abandoning module LightPropagationVolumeRuntime (252)
[2019.04.17-02.17.59:779][  7]LogModuleManager: Shutting down and abandoning module AISupportModule (250)
[2019.04.17-02.17.59:779][  7]LogModuleManager: Shutting down and abandoning module Paper2D (248)
[2019.04.17-02.17.59:779][  7]LogModuleManager: Shutting down and abandoning module WindowsMoviePlayer (246)
[2019.04.17-02.17.59:779][  7]LogModuleManager: Shutting down and abandoning module WmfMedia (244)
[2019.04.17-02.17.59:781][  7]LogModuleManager: Shutting down and abandoning module Media (243)
[2019.04.17-02.17.59:787][  7]LogModuleManager: Shutting down and abandoning module PacketHandler (240)
[2019.04.17-02.17.59:787][  7]LogModuleManager: Shutting down and abandoning module ClothingSystemEditor (238)
[2019.04.17-02.17.59:787][  7]LogModuleManager: Shutting down and abandoning module ClothingSystemRuntime (236)
[2019.04.17-02.17.59:788][  7]LogModuleManager: Shutting down and abandoning module MediaAssets (234)
[2019.04.17-02.17.59:788][  7]LogModuleManager: Shutting down and abandoning module Overlay (232)
[2019.04.17-02.17.59:788][  7]LogModuleManager: Shutting down and abandoning module OverlayEditor (231)
[2019.04.17-02.17.59:788][  7]LogModuleManager: Shutting down and abandoning module VREditor (228)
[2019.04.17-02.17.59:788][  7]LogModuleManager: Shutting down and abandoning module StringTableEditor (226)
[2019.04.17-02.17.59:788][  7]LogModuleManager: Shutting down and abandoning module GameplayTasksEditor (224)
[2019.04.17-02.17.59:788][  7]LogModuleManager: Shutting down and abandoning module BehaviorTreeEditor (222)
[2019.04.17-02.17.59:788][  7]LogModuleManager: Shutting down and abandoning module FunctionalTesting (220)
[2019.04.17-02.17.59:788][  7]LogModuleManager: Shutting down and abandoning module CollisionAnalyzer (218)
[2019.04.17-02.17.59:788][  7]LogModuleManager: Shutting down and abandoning module WorkspaceMenuStructure (217)
[2019.04.17-02.17.59:788][  7]LogModuleManager: Shutting down and abandoning module UMG (214)
[2019.04.17-02.17.59:788][  7]LogModuleManager: Shutting down and abandoning module UMGEditor (213)
[2019.04.17-02.17.59:788][  7]LogModuleManager: Shutting down and abandoning module Sequencer (212)
[2019.04.17-02.17.59:788][  7]LogModuleManager: Shutting down and abandoning module MessageLog (209)
[2019.04.17-02.17.59:788][  7]LogModuleManager: Shutting down and abandoning module SlateReflector (204)
[2019.04.17-02.17.59:788][  7]LogModuleManager: Shutting down and abandoning module Slate (202)
[2019.04.17-02.17.59:788][  7]LogModuleManager: Shutting down and abandoning module EditorStyle (200)
[2019.04.17-02.17.59:790][  7]LogModuleManager: Shutting down and abandoning module MRMesh (198)
[2019.04.17-02.17.59:790][  7]LogModuleManager: Shutting down and abandoning module SourceCodeAccess (196)
[2019.04.17-02.17.59:790][  7]LogModuleManager: Shutting down and abandoning module HeadMountedDisplay (194)
[2019.04.17-02.17.59:790][  7]LogModuleManager: Shutting down and abandoning module XAudio2 (192)
[2019.04.17-02.17.59:790][  7]LogModuleManager: Shutting down and abandoning module Networking (190)
[2019.04.17-02.17.59:790][  7]LogModuleManager: Shutting down and abandoning module Core (188)
[2019.04.17-02.17.59:790][  7]LogModuleManager: Shutting down and abandoning module LevelSequence (186)
[2019.04.17-02.17.59:790][  7]LogModuleManager: Shutting down and abandoning module KismetCompiler (184)
[2019.04.17-02.17.59:790][  7]LogModuleManager: Shutting down and abandoning module MeshUtilities (182)
[2019.04.17-02.17.59:790][  7]LogModuleManager: Shutting down and abandoning module MeshMergeUtilities (181)
[2019.04.17-02.17.59:790][  7]LogModuleManager: Shutting down and abandoning module MeshReductionInterface (180)
[2019.04.17-02.17.59:790][  7]LogModuleManager: Shutting down and abandoning module SimplygonSwarm (179)
[2019.04.17-02.17.59:790][  7]LogModuleManager: Shutting down and abandoning module ProxyLODMeshReduction (177)
[2019.04.17-02.17.59:790][  7]LogModuleManager: Shutting down and abandoning module SimplygonMeshReduction (175)
[2019.04.17-02.17.59:790][  7]LogModuleManager: Shutting down and abandoning module QuadricMeshReduction (173)
[2019.04.17-02.17.59:790][  7]LogModuleManager: Shutting down and abandoning module MaterialBaking (169)
[2019.04.17-02.17.59:790][  7]LogModuleManager: Shutting down and abandoning module DirectoryWatcher (165)
[2019.04.17-02.17.59:791][  7]LogModuleManager: Shutting down and abandoning module DerivedDataCache (162)
[2019.04.17-02.17.59:815][  7]LogDerivedDataCache: Shutdown
[2019.04.17-02.17.59:815][  7]LogModuleManager: Shutting down and abandoning module XGEController (160)
[2019.04.17-02.17.59:815][  7]LogXGEController: Cleaning working directory: C:/Users/Cormac/AppData/Local/Temp/UnrealXGEWorkingDir/
[2019.04.17-02.17.59:815][  7]LogModuleManager: Shutting down and abandoning module TargetPlatform (158)
[2019.04.17-02.17.59:816][  7]LogModuleManager: Shutting down and abandoning module VulkanShaderFormat (157)
[2019.04.17-02.17.59:816][  7]LogModuleManager: Shutting down and abandoning module ShaderFormatVectorVM (155)
[2019.04.17-02.17.59:816][  7]LogModuleManager: Shutting down and abandoning module ShaderFormatOpenGL (153)
[2019.04.17-02.17.59:816][  7]LogModuleManager: Shutting down and abandoning module ShaderFormatD3D (151)
[2019.04.17-02.17.59:816][  7]LogModuleManager: Shutting down and abandoning module MetalShaderFormat (149)
[2019.04.17-02.17.59:816][  7]LogModuleManager: Shutting down and abandoning module TextureFormatUncompressed (147)
[2019.04.17-02.17.59:816][  7]LogModuleManager: Shutting down and abandoning module TextureFormatPVR (145)
[2019.04.17-02.17.59:816][  7]LogModuleManager: Shutting down and abandoning module TextureFormatDXT (143)
[2019.04.17-02.17.59:816][  7]LogModuleManager: Shutting down and abandoning module TextureFormatIntelISPCTexComp (141)
[2019.04.17-02.17.59:816][  7]LogModuleManager: Shutting down and abandoning module TextureFormatASTC (139)
[2019.04.17-02.17.59:816][  7]LogModuleManager: Shutting down and abandoning module ImageWrapper (138)
[2019.04.17-02.17.59:816][  7]LogModuleManager: Shutting down and abandoning module TextureFormatAndroid (135)
[2019.04.17-02.17.59:816][  7]LogModuleManager: Shutting down and abandoning module AudioFormatOpus (133)
[2019.04.17-02.17.59:816][  7]LogModuleManager: Shutting down and abandoning module AudioFormatOgg (131)
[2019.04.17-02.17.59:816][  7]LogModuleManager: Shutting down and abandoning module AudioFormatADPCM (129)
[2019.04.17-02.17.59:816][  7]LogModuleManager: Shutting down and abandoning module LuminTargetPlatform (127)
[2019.04.17-02.17.59:816][  7]LogModuleManager: Shutting down and abandoning module LinuxTargetPlatform (125)
[2019.04.17-02.17.59:816][  7]LogModuleManager: Shutting down and abandoning module LinuxServerTargetPlatform (123)
[2019.04.17-02.17.59:816][  7]LogModuleManager: Shutting down and abandoning module LinuxNoEditorTargetPlatform (121)
[2019.04.17-02.17.59:816][  7]LogModuleManager: Shutting down and abandoning module LinuxClientTargetPlatform (119)
[2019.04.17-02.17.59:816][  7]LogModuleManager: Shutting down and abandoning module TVOSTargetPlatform (117)
[2019.04.17-02.17.59:817][  7]LogModuleManager: Shutting down and abandoning module Messaging (115)
[2019.04.17-02.17.59:817][  7]LogModuleManager: Shutting down and abandoning module IOSTargetPlatform (113)
[2019.04.17-02.17.59:817][  7]LogModuleManager: Shutting down and abandoning module HTML5TargetPlatform (111)
[2019.04.17-02.17.59:818][  7]LogModuleManager: Shutting down and abandoning module AndroidTargetPlatform (109)
[2019.04.17-02.17.59:823][  7]LogModuleManager: Shutting down and abandoning module WindowsTargetPlatform (107)
[2019.04.17-02.17.59:823][  7]LogModuleManager: Shutting down and abandoning module WindowsServerTargetPlatform (105)
[2019.04.17-02.17.59:823][  7]LogModuleManager: Shutting down and abandoning module WindowsNoEditorTargetPlatform (103)
[2019.04.17-02.17.59:823][  7]LogModuleManager: Shutting down and abandoning module WindowsClientTargetPlatform (101)
[2019.04.17-02.17.59:823][  7]LogModuleManager: Shutting down and abandoning module MacTargetPlatform (99)
[2019.04.17-02.17.59:824][  7]LogModuleManager: Shutting down and abandoning module MacServerTargetPlatform (97)
[2019.04.17-02.17.59:824][  7]LogModuleManager: Shutting down and abandoning module MacNoEditorTargetPlatform (95)
[2019.04.17-02.17.59:824][  7]LogModuleManager: Shutting down and abandoning module MacClientTargetPlatform (93)
[2019.04.17-02.17.59:824][  7]LogModuleManager: Shutting down and abandoning module AllDesktopTargetPlatform (91)
[2019.04.17-02.17.59:824][  7]LogModuleManager: Shutting down and abandoning module InputCore (88)
[2019.04.17-02.17.59:824][  7]LogModuleManager: Shutting down and abandoning module Settings (86)
[2019.04.17-02.17.59:824][  7]LogModuleManager: Shutting down and abandoning module PhysXCooking (84)
[2019.04.17-02.17.59:824][  7]LogModuleManager: Shutting down and abandoning module SteamVR (82)
[2019.04.17-02.17.59:824][  7]LogModuleManager: Shutting down and abandoning module OculusHMD (80)
[2019.04.17-02.17.59:824][  7]LogModuleManager: Shutting down and abandoning module ExampleDeviceProfileSelector (78)
[2019.04.17-02.17.59:824][  7]LogModuleManager: Shutting down and abandoning module LauncherChunkInstaller (76)
[2019.04.17-02.17.59:824][  7]LogModuleManager: Shutting down and abandoning module OnlineBlueprintSupport (74)
[2019.04.17-02.17.59:824][  7]LogModuleManager: Shutting down and abandoning module OnlineSubsystem (70)
[2019.04.17-02.17.59:825][  7]LogModuleManager: Shutting down and abandoning module XMPP (65)
[2019.04.17-02.17.59:825][  7]LogModuleManager: Shutting down and abandoning module WebSockets (64)
[2019.04.17-02.17.59:854][  7]LogModuleManager: Shutting down and abandoning module HTTP (61)
[2019.04.17-02.17.59:854][  7]LogHttp: Display: Http module shutting down, but needs to wait on 1 outstanding Http requests:
[2019.04.17-02.17.59:854][  7]LogHttp: Display: 	verb=[POST] url=[https://datarouter.ol.epicgames.com/datarouter/api/v1/public/data?SessionID=%7BDAE5300F-4EA1-8024-06D5-EF9BDBE48E62%7D&AppID=UEEditor.Rocket.Release&AppVersion=4.20.3-4369336%2B%2B%2BUE4%2BRelease-4.20&UserID=88ddbd0a4f420f2d671fd392716753eb%7C41a0277436e94d8b92f055378518919c%7Caa405f8b-d904-444a-83fd-af1dc9c4c244&AppEnvironment=datacollector-binary&UploadType=eteventstream] status=Processing
[2019.04.17-02.17.59:864][  7]LogModuleManager: Shutting down and abandoning module SSL (60)
[2019.04.17-02.17.59:865][  7]LogModuleManager: Shutting down and abandoning module MagicLeapEmulator (56)
[2019.04.17-02.17.59:865][  7]LogModuleManager: Shutting down and abandoning module MagicLeapPrivileges (54)
[2019.04.17-02.17.59:865][  7]LogModuleManager: Shutting down and abandoning module MagicLeapIdentity (52)
[2019.04.17-02.17.59:865][  7]LogModuleManager: Shutting down and abandoning module MagicLeapHelperVulkan (50)
[2019.04.17-02.17.59:865][  7]LogModuleManager: Shutting down and abandoning module MagicLeapHelperOpenGL (48)
[2019.04.17-02.17.59:865][  7]LogModuleManager: Shutting down and abandoning module MagicLeapSecureStorage (46)
[2019.04.17-02.17.59:865][  7]LogModuleManager: Shutting down and abandoning module MagicLeapGestures (44)
[2019.04.17-02.17.59:865][  7]LogModuleManager: Shutting down and abandoning module MagicLeapEyeTracker (42)
[2019.04.17-02.17.59:865][  7]LogModuleManager: Shutting down and abandoning module MagicLeapController (40)
[2019.04.17-02.17.59:865][  7]LogSlate: Slate User Destroyed.  User Index 0, Is Virtual User: 0
[2019.04.17-02.17.59:865][  7]LogSlate: Slate User Destroyed.  User Index 1, Is Virtual User: 0
[2019.04.17-02.17.59:865][  7]LogSlate: Slate User Destroyed.  User Index 2, Is Virtual User: 0
[2019.04.17-02.17.59:865][  7]LogModuleManager: Shutting down and abandoning module MagicLeap (38)
[2019.04.17-02.17.59:865][  7]LogModuleManager: Shutting down and abandoning module AnimationModifiers (36)
[2019.04.17-02.17.59:865][  7]LogModuleManager: Shutting down and abandoning module PropertyEditor (35)
[2019.04.17-02.17.59:866][  7]LogModuleManager: Shutting down and abandoning module AudioEditor (32)
[2019.04.17-02.17.59:866][  7]LogModuleManager: Shutting down and abandoning module TextureCompressor (30)
[2019.04.17-02.17.59:866][  7]LogModuleManager: Shutting down and abandoning module ShaderCore (28)
[2019.04.17-02.17.59:866][  7]LogModuleManager: Shutting down and abandoning module Landscape (26)
[2019.04.17-02.17.59:866][  7]LogModuleManager: Shutting down and abandoning module SlateRHIRenderer (24)
[2019.04.17-02.17.59:866][  7]LogModuleManager: Shutting down and abandoning module OpenGLDrv (22)
[2019.04.17-02.17.59:866][  7]LogModuleManager: Shutting down and abandoning module D3D11RHI (20)
[2019.04.17-02.17.59:866][  7]LogModuleManager: Shutting down and abandoning module AnimGraphRuntime (18)
[2019.04.17-02.17.59:866][  7]LogModuleManager: Shutting down and abandoning module Renderer (16)
[2019.04.17-02.17.59:867][  7]LogModuleManager: Shutting down and abandoning module Engine (14)
[2019.04.17-02.17.59:867][  7]LogModuleManager: Shutting down and abandoning module CoreUObject (12)
[2019.04.17-02.17.59:867][  7]LogModuleManager: Shutting down and abandoning module NetworkFile (10)
[2019.04.17-02.17.59:867][  7]LogModuleManager: Shutting down and abandoning module CookedIterativeFile (8)
[2019.04.17-02.17.59:867][  7]LogModuleManager: Shutting down and abandoning module StreamingFile (6)
[2019.04.17-02.17.59:867][  7]LogModuleManager: Shutting down and abandoning module SandboxFile (4)
[2019.04.17-02.17.59:867][  7]LogModuleManager: Shutting down and abandoning module PakFile (2)
[2019.04.17-02.17.59:873][  7]LogExit: Exiting.
[2019.04.17-02.17.59:879][  7]Log file closed, 04/17/19 03:17:59
