Log file open, 04/10/19 21:24:51
LogWindows: Failed to load 'aqProf.dll' (GetLastError=126)
LogWindows: File 'aqProf.dll' does not exist
LogWindows: Failed to load 'VtuneApi.dll' (GetLastError=126)
LogWindows: File 'VtuneApi.dll' does not exist
LogWindows: Failed to load 'VtuneApi32e.dll' (GetLastError=126)
LogWindows: File 'VtuneApi32e.dll' does not exist
LogInit: Display: Running engine for game: Thieves
LogPlatformFile: Not using cached read wrapper
LogTaskGraph: Started task graph with 5 named threads and 23 total threads with 3 sets of task threads.
LogStats: Stats thread started at 0.309871
LogD3D11RHI: Loaded GFSDK_Aftermath_Lib.x64.dll
LogICUInternationalization: Display: ICU TimeZone Detection - Raw Offset: +0:00, Platform Override: ''
LogPluginManager: Mounting plugin Paper2D
LogPluginManager: Mounting plugin AISupport
LogPluginManager: Mounting plugin LightPropagationVolume
LogPluginManager: Mounting plugin CLionSourceCodeAccess
LogPluginManager: Mounting plugin CodeLiteSourceCodeAccess
LogPluginManager: Mounting plugin GitSourceControl
LogPluginManager: Mounting plugin KDevelopSourceCodeAccess
LogPluginManager: Mounting plugin NullSourceCodeAccess
LogPluginManager: Mounting plugin PerforceSourceControl
LogPluginManager: Mounting plugin SubversionSourceControl
LogPluginManager: Mounting plugin UObjectPlugin
LogPluginManager: Mounting plugin VisualStudioCodeSourceCodeAccess
LogPluginManager: Mounting plugin VisualStudioSourceCodeAccess
LogPluginManager: Mounting plugin XCodeSourceCodeAccess
LogPluginManager: Mounting plugin AssetManagerEditor
LogPluginManager: Mounting plugin CryptoKeys
LogPluginManager: Mounting plugin DataValidation
LogPluginManager: Mounting plugin FacialAnimation
LogPluginManager: Mounting plugin GameplayTagsEditor
LogPluginManager: Mounting plugin MacGraphicsSwitching
LogPluginManager: Mounting plugin MeshEditor
LogPluginManager: Mounting plugin MobileLauncherProfileWizard
LogPluginManager: Mounting plugin PluginBrowser
LogPluginManager: Mounting plugin SpeedTreeImporter
LogPluginManager: Mounting plugin DatasmithContent
LogPluginManager: Mounting plugin AlembicImporter
LogPluginManager: Mounting plugin AppleImageUtils
LogPluginManager: Mounting plugin AppleVision
LogPluginManager: Mounting plugin BackChannel
LogPluginManager: Mounting plugin CharacterAI
LogPluginManager: Mounting plugin GeometryCache
LogPluginManager: Mounting plugin HTML5Networking
LogPluginManager: Mounting plugin ProxyLODPlugin
LogPluginManager: Mounting plugin MagicLeap
LogPluginManager: Mounting plugin MagicLeapEmulator
LogPluginManager: Mounting plugin MagicLeapMedia
LogPluginManager: Mounting plugin AndroidMedia
LogPluginManager: Mounting plugin AvfMedia
LogPluginManager: Mounting plugin ImgMedia
LogPluginManager: Mounting plugin LinearTimecode
LogPluginManager: Mounting plugin MediaCompositing
LogPluginManager: Mounting plugin MediaPlayerEditor
LogPluginManager: Mounting plugin WmfMedia
LogPluginManager: Mounting plugin TcpMessaging
LogPluginManager: Mounting plugin UdpMessaging
LogPluginManager: Mounting plugin ActorSequence
LogPluginManager: Mounting plugin LevelSequenceEditor
LogPluginManager: Mounting plugin MatineeToLevelSequence
LogPluginManager: Mounting plugin NetcodeUnitTest
LogPluginManager: Mounting plugin NUTUnrealEngine4
LogPluginManager: Mounting plugin OnlineSubsystemGooglePlay
LogPluginManager: Mounting plugin OnlineSubsystemIOS
LogPluginManager: Mounting plugin OnlineSubsystem
LogPluginManager: Mounting plugin OnlineSubsystemNull
LogPluginManager: Mounting plugin OnlineSubsystemUtils
LogPluginManager: Mounting plugin LauncherChunkInstaller
LogPluginManager: Mounting plugin AndroidDeviceProfileSelector
LogPluginManager: Mounting plugin AndroidMoviePlayer
LogPluginManager: Mounting plugin AndroidPermission
LogPluginManager: Mounting plugin AppleMoviePlayer
LogPluginManager: Mounting plugin ArchVisCharacter
LogPluginManager: Mounting plugin AudioCapture
LogPluginManager: Mounting plugin CableComponent
LogPluginManager: Mounting plugin CustomMeshComponent
LogPluginManager: Mounting plugin EditableMesh
LogPluginManager: Mounting plugin ExampleDeviceProfileSelector
LogPluginManager: Mounting plugin GoogleCloudMessaging
LogPluginManager: Mounting plugin ImmediatePhysics
LogPluginManager: Mounting plugin IOSDeviceProfileSelector
LogPluginManager: Mounting plugin LinuxDeviceProfileSelector
LogPluginManager: Mounting plugin LocationServicesBPLibrary
LogPluginManager: Mounting plugin MobilePatchingUtils
LogPluginManager: Mounting plugin OculusVR
LogPluginManager: Plugin shader directory ../../../Engine/Plugins/Runtime/Oculus/OculusVR/Shaders found
LogPluginManager: Mapping shader source directory ../../../Engine/Plugins/Runtime/Oculus/OculusVR/Shaders to virtual directory /Plugin/OculusVR
LogPluginManager: Mounting plugin PhysXVehicles
LogPluginManager: Mounting plugin ProceduralMeshComponent
LogPluginManager: Mounting plugin RuntimePhysXCooking
LogPluginManager: Mounting plugin SteamVR
LogPluginManager: Mounting plugin WindowsMoviePlayer
LogStreaming: Display: Took  0.116s to configure plugins.
LogInit: Using libcurl 7.55.1-DEV
LogInit:  - built for x86_64-pc-win32
LogInit:  - supports SSL with OpenSSL/1.0.2h
LogInit:  - supports HTTP deflate (compression) using libz 1.2.8
LogInit:  - other features:
LogInit:      CURL_VERSION_SSL
LogInit:      CURL_VERSION_LIBZ
LogInit:      CURL_VERSION_IPV6
LogInit:      CURL_VERSION_ASYNCHDNS
LogInit:      CURL_VERSION_LARGEFILE
LogInit:      CURL_VERSION_IDN
LogInit:  CurlRequestOptions (configurable via config and command line):
LogInit:  - bVerifyPeer = false  - Libcurl will NOT verify peer certificate
LogInit:  - bUseHttpProxy = false  - Libcurl will NOT use HTTP proxy
LogInit:  - bDontReuseConnections = false  - Libcurl will reuse connections
LogInit:  - CertBundlePath = nullptr  - Libcurl will use whatever was configured at build time.
LogInit:  - MaxHostConnections = 16  - Libcurl will limit the number of connections to a host
LogInit:  - LocalHostAddr = Default
LogInit:  - BufferSize = 65536
LogInit: WinSock: version 1.1 (2.2), MaxSocks=32767, MaxUdp=65467
LogHMD: Failed initializing OVRPlugin 1.25.0
LogInit: Build: ++UE4+Release-4.20-CL-4369336
LogInit: Engine Version: 4.20.3-4369336+++UE4+Release-4.20
LogInit: Compatible Engine Version: 4.20.0-4212847+++UE4+Release-4.20
LogInit: Net CL: 4212847
LogInit: OS: Windows 10 (), CPU: Intel(R) Core(TM) i7-6820HK CPU @ 2.70GHz, GPU: NVIDIA GeForce GTX 1080
LogInit: Compiled (64-bit): Sep 17 2018 12:26:19
LogInit: Compiled with Visual C++: 19.13.26129.00
LogInit: Build Configuration: Development
LogInit: Branch Name: ++UE4+Release-4.20
LogInit: Command Line:  
LogInit: Base Directory: D:/Games/UE_4.20/Engine/Binaries/Win64/
LogInit: Installed Engine Build: 1
LogDevObjectVersion: Number of dev versions registered: 20
LogDevObjectVersion:   Dev-Blueprints (B0D832E4-1F89-4F0D-ACCF-7EB736FD4AA2): 10
LogDevObjectVersion:   Dev-Build (E1C64328-A22C-4D53-A36C-8E866417BD8C): 0
LogDevObjectVersion:   Dev-Core (375EC13C-06E4-48FB-B500-84F0262A717E): 2
LogDevObjectVersion:   Dev-Editor (E4B068ED-F494-42E9-A231-DA0B2E46BB41): 24
LogDevObjectVersion:   Dev-Framework (CFFC743F-43B0-4480-9391-14DF171D2073): 34
LogDevObjectVersion:   Dev-Mobile (B02B49B5-BB20-44E9-A304-32B752E40360): 2
LogDevObjectVersion:   Dev-Networking (A4E4105C-59A1-49B5-A7C5-40C4547EDFEE): 0
LogDevObjectVersion:   Dev-Online (39C831C9-5AE6-47DC-9A44-9C173E1C8E7C): 0
LogDevObjectVersion:   Dev-Physics (78F01B33-EBEA-4F98-B9B4-84EACCB95AA2): 0
LogDevObjectVersion:   Dev-Platform (6631380F-2D4D-43E0-8009-CF276956A95A): 0
LogDevObjectVersion:   Dev-Rendering (12F88B9F-8875-4AFC-A67C-D90C383ABD29): 26
LogDevObjectVersion:   Dev-Sequencer (7B5AE74C-D270-4C10-A958-57980B212A5A): 9
LogDevObjectVersion:   Dev-VR (D7296918-1DD6-4BDD-9DE2-64A83CC13884): 2
LogDevObjectVersion:   Dev-LoadTimes (C2A15278-BFE7-4AFE-6C17-90FF531DF755): 1
LogDevObjectVersion:   Private-Geometry (6EACA3D4-40EC-4CC1-B786-8BED09428FC5): 3
LogDevObjectVersion:   Dev-AnimPhys (29E575DD-E0A3-4627-9D10-D276232CDCEA): 17
LogDevObjectVersion:   Dev-ReflectionCapture (6B266CEC-1EC7-4B8F-A30B-E4D90942FC07): 1
LogDevObjectVersion:   Dev-Automation (0DF73D61-A23F-47EA-B727-89E90C41499A): 1
LogDevObjectVersion:   FortniteMain (601D1886-AC64-4F84-AA16-D3DE0DEAC7D6): 12
LogDevObjectVersion:   Dev-Enterprise (9DFFBCD6-494F-0158-E221-12823C92A888): 1
LogStreaming: Display: Took  0.001s to delete old logs.
LogInit: Presizing for max 8388607 objects, including 0 objects not considered by GC, pre-allocating 0 bytes for permanent pool.
LogInit: Object subsystem initialized
[2019.04.10-20.24.52:784][  0]LogInit: Selected Device Profile: [Windows]
[2019.04.10-20.24.52:784][  0]LogInit: Applying CVar settings loaded from the selected device profile: [Windows]
[2019.04.10-20.24.52:797][  0]LogHAL: Display: Platform has ~ 32 GB [34315276288 / 34359738368 / 32], which maps to Largest [LargestMinGB=32, LargerMinGB=12, DefaultMinGB=8, SmallerMinGB=6, SmallestMinGB=0)
[2019.04.10-20.24.52:797][  0]LogInit: Setting Device Profile CVar: [[r.Vulkan.UseRealUBs:1]]
[2019.04.10-20.24.52:797][  0]LogInit: Going up to parent DeviceProfile []
[2019.04.10-20.24.52:797][  0]LogInit: Computer: MSI
[2019.04.10-20.24.52:797][  0]LogInit: User: Cormac
[2019.04.10-20.24.52:797][  0]LogInit: CPU Page size=4096, Cores=4
[2019.04.10-20.24.52:797][  0]LogInit: High frequency timer resolution =2.648437 MHz
[2019.04.10-20.24.52:798][  0]LogMemory: Memory total: Physical=32.0GB (32GB approx)
[2019.04.10-20.24.52:798][  0]LogMemory: Platform Memory Stats for Windows
[2019.04.10-20.24.52:798][  0]LogMemory: Process Physical Memory: 103.88 MB used, 103.88 MB peak
[2019.04.10-20.24.52:798][  0]LogMemory: Process Virtual Memory: 93.96 MB used, 93.96 MB peak
[2019.04.10-20.24.52:798][  0]LogMemory: Physical Memory: 11687.27 MB used,  21038.33 MB free, 32725.60 MB total
[2019.04.10-20.24.52:798][  0]LogMemory: Virtual Memory: 4655.09 MB used,  21038.33 MB free, 134217728.00 MB total
[2019.04.10-20.24.52:819][  0]LogInit: Using OS detected language (en-US).
[2019.04.10-20.24.52:819][  0]LogInit: Using OS detected locale (en-GB).
[2019.04.10-20.24.52:820][  0]LogTextLocalizationManager: No specific localization for 'en-US' exists, so the 'en' localization will be used.
[2019.04.10-20.24.53:255][  0]LogStreaming: Display: Took  0.436s to InitEngineTextLocalization.
[2019.04.10-20.24.53:255][  0]LogInit: Setting process to per monitor DPI aware
[2019.04.10-20.24.53:308][  0]LogSlate: New Slate User Created.  User Index 0, Is Virtual User: 0
[2019.04.10-20.24.53:308][  0]LogSlate: Slate User Registered.  User Index 0, Is Virtual User: 0
[2019.04.10-20.24.53:647][  0]LogHMD: Failed to initialize OpenVR with code 126
[2019.04.10-20.24.53:647][  0]LogD3D11RHI: D3D11 adapters:
[2019.04.10-20.24.53:752][  0]LogD3D11RHI:    0. 'NVIDIA GeForce GTX 1080' (Feature Level 11_0)
[2019.04.10-20.24.53:752][  0]LogD3D11RHI:       8079/0/16362 MB DedicatedVideo/DedicatedSystem/SharedSystem, Outputs:2, VendorId:0x10de
[2019.04.10-20.24.53:755][  0]LogD3D11RHI:    1. 'Microsoft Basic Render Driver' (Feature Level 11_0)
[2019.04.10-20.24.53:755][  0]LogD3D11RHI:       0/0/16362 MB DedicatedVideo/DedicatedSystem/SharedSystem, Outputs:0, VendorId:0x1414
[2019.04.10-20.24.53:755][  0]LogD3D11RHI: Chosen D3D11 Adapter: 0
[2019.04.10-20.24.53:767][  0]LogD3D11RHI: Creating new Direct3DDevice
[2019.04.10-20.24.53:767][  0]LogD3D11RHI:     GPU DeviceId: 0x1be0 (for the marketing name, search the web for "GPU Device Id")
[2019.04.10-20.24.53:767][  0]LogWindows: EnumDisplayDevices:
[2019.04.10-20.24.53:768][  0]LogWindows:    0. 'NVIDIA GeForce GTX 1080' (P:0 D:1)
[2019.04.10-20.24.53:768][  0]LogWindows:    1. 'NVIDIA GeForce GTX 1080' (P:1 D:1)
[2019.04.10-20.24.53:769][  0]LogWindows:    2. 'NVIDIA GeForce GTX 1080' (P:0 D:0)
[2019.04.10-20.24.53:769][  0]LogWindows:    3. 'NVIDIA GeForce GTX 1080' (P:0 D:0)
[2019.04.10-20.24.53:769][  0]LogWindows: DebugString: FoundDriverCount:4 
[2019.04.10-20.24.53:769][  0]LogD3D11RHI:     Adapter Name: NVIDIA GeForce GTX 1080
[2019.04.10-20.24.53:769][  0]LogD3D11RHI:   Driver Version: 417.71 (internal:25.21.14.1771, unified:417.71)
[2019.04.10-20.24.53:769][  0]LogD3D11RHI:      Driver Date: 1-11-2019
[2019.04.10-20.24.53:770][  0]LogRHI: Texture pool is 5655 MB (70% of 8079 MB)
[2019.04.10-20.24.53:846][  0]LogD3D11RHI: Async texture creation enabled
[2019.04.10-20.24.53:867][  0]LogD3D11RHI: GPU Timing Frequency: 1000.000000 (Debug: 2 2)
[2019.04.10-20.24.53:915][  0]LogShaderCompilers: Guid format shader working directory is 10 characters bigger than the processId version (C:/Users/Cormac/Desktop/PIGDE-Thieves/Intermediate/Shaders/WorkingDirectory/8184/).
[2019.04.10-20.24.53:915][  0]LogShaderCompilers: Cleaned the shader compiler working directory 'C:/Users/Cormac/AppData/Local/Temp/UnrealShaderWorkingDir/900D470247ACDA28A25040A2F1B878B1/'.
[2019.04.10-20.24.54:460][  0]LogTemp: Display: Loaded TP AllDesktopTargetPlatform
[2019.04.10-20.24.54:494][  0]LogTemp: Display: Loaded TP MacClientTargetPlatform
[2019.04.10-20.24.54:525][  0]LogTemp: Display: Loaded TP MacNoEditorTargetPlatform
[2019.04.10-20.24.54:554][  0]LogTemp: Display: Loaded TP MacServerTargetPlatform
[2019.04.10-20.24.54:577][  0]LogTemp: Display: Loaded TP MacTargetPlatform
[2019.04.10-20.24.54:602][  0]LogTemp: Display: Loaded TP WindowsClientTargetPlatform
[2019.04.10-20.24.54:623][  0]LogTemp: Display: Loaded TP WindowsNoEditorTargetPlatform
[2019.04.10-20.24.54:642][  0]LogTemp: Display: Loaded TP WindowsServerTargetPlatform
[2019.04.10-20.24.54:651][  0]LogTemp: Display: Loaded TP WindowsTargetPlatform
[2019.04.10-20.24.54:773][  0]LogTemp: Display: Loaded TP AndroidTargetPlatform
[2019.04.10-20.24.54:773][  0]LogTemp: Display: Loaded TP AndroidTargetPlatform
[2019.04.10-20.24.54:773][  0]LogTemp: Display: Loaded TP AndroidTargetPlatform
[2019.04.10-20.24.54:773][  0]LogTemp: Display: Loaded TP AndroidTargetPlatform
[2019.04.10-20.24.54:773][  0]LogTemp: Display: Loaded TP AndroidTargetPlatform
[2019.04.10-20.24.54:773][  0]LogTemp: Display: Loaded TP AndroidTargetPlatform
[2019.04.10-20.24.54:773][  0]LogTemp: Display: Loaded TP AndroidTargetPlatform
[2019.04.10-20.24.54:773][  0]LogTemp: Display: Loaded TP AndroidTargetPlatform
[2019.04.10-20.24.54:773][  0]LogTemp: Display: Loaded TP AndroidTargetPlatform
[2019.04.10-20.24.54:773][  0]LogTemp: Display: Loaded TP AndroidTargetPlatform
[2019.04.10-20.24.54:773][  0]LogTemp: Display: Loaded TP AndroidTargetPlatform
[2019.04.10-20.24.54:773][  0]LogTemp: Display: Loaded TP AndroidTargetPlatform
[2019.04.10-20.24.54:773][  0]LogTemp: Display: Loaded TP AndroidTargetPlatform
[2019.04.10-20.24.54:773][  0]LogTemp: Display: Loaded TP AndroidTargetPlatform
[2019.04.10-20.24.54:773][  0]LogTemp: Display: Loaded TP AndroidTargetPlatform
[2019.04.10-20.24.54:773][  0]LogTemp: Display: Loaded TP AndroidTargetPlatform
[2019.04.10-20.24.54:773][  0]LogTemp: Display: Loaded TP AndroidTargetPlatform
[2019.04.10-20.24.54:773][  0]LogTemp: Display: Loaded TP AndroidTargetPlatform
[2019.04.10-20.24.54:774][  0]LogTemp: Display: Loaded TP HTML5TargetPlatform
[2019.04.10-20.24.54:853][  0]LogTemp: Display: Loaded TP IOSTargetPlatform
[2019.04.10-20.24.54:853][  0]LogTemp: Display: Loaded TP IOSTargetPlatform
[2019.04.10-20.24.54:894][  0]LogTemp: Display: Loaded TP TVOSTargetPlatform
[2019.04.10-20.24.54:894][  0]LogTemp: Display: Loaded TP TVOSTargetPlatform
[2019.04.10-20.24.54:912][  0]LogTemp: Display: Loaded TP LinuxClientTargetPlatform
[2019.04.10-20.24.54:934][  0]LogTemp: Display: Loaded TP LinuxNoEditorTargetPlatform
[2019.04.10-20.24.54:953][  0]LogTemp: Display: Loaded TP LinuxServerTargetPlatform
[2019.04.10-20.24.54:971][  0]LogTemp: Display: Loaded TP LinuxTargetPlatform
[2019.04.10-20.24.54:984][  0]LogTemp: Display: Loaded TP LuminTargetPlatform
[2019.04.10-20.24.54:984][  0]LogTargetPlatformManager: Display: Building Assets For Windows
[2019.04.10-20.24.55:052][  0]LogXGEController: Cleaning working directory: C:/Users/Cormac/AppData/Local/Temp/UnrealXGEWorkingDir/
[2019.04.10-20.24.55:052][  0]LogXGEController: Cannot use XGE Controller as Incredibuild is not installed on this machine.
[2019.04.10-20.24.55:052][  0]LogShaderCompilers: Cannot use XGE Shader Compiler as Incredibuild is not installed on this machine.
[2019.04.10-20.24.55:052][  0]LogShaderCompilers: Display: Using Local Shader Compiler.
[2019.04.10-20.24.56:108][  0]LogDerivedDataCache: Display: Max Cache Size: 512 MB
[2019.04.10-20.24.56:185][  0]LogDerivedDataCache: Loaded boot cache 0.08s 71MB C:/Users/Cormac/AppData/Local/UnrealEngine/4.20/DerivedDataCache/Boot.ddc.
[2019.04.10-20.24.56:187][  0]LogDerivedDataCache: Display: Loaded Boot cache: C:/Users/Cormac/AppData/Local/UnrealEngine/4.20/DerivedDataCache/Boot.ddc
[2019.04.10-20.24.56:187][  0]LogDerivedDataCache: FDerivedDataBackendGraph:  Pak pak cache file C:/Users/Cormac/Desktop/PIGDE-Thieves/DerivedDataCache/DDC.ddp not found, will not use a pak cache.
[2019.04.10-20.24.56:187][  0]LogDerivedDataCache: Unable to find inner node Pak for hierarchical cache Hierarchy.
[2019.04.10-20.24.56:187][  0]LogDerivedDataCache: FDerivedDataBackendGraph:  CompressedPak pak cache file C:/Users/Cormac/Desktop/PIGDE-Thieves/DerivedDataCache/Compressed.ddp not found, will not use a pak cache.
[2019.04.10-20.24.56:188][  0]LogDerivedDataCache: Unable to find inner node CompressedPak for hierarchical cache Hierarchy.
[2019.04.10-20.24.56:211][  0]LogDerivedDataCache: Display: Pak cache opened for reading ../../../Engine/DerivedDataCache/Compressed.ddp.
[2019.04.10-20.24.56:224][  0]LogDerivedDataCache: Using Local data cache path C:/Users/Cormac/AppData/Local/UnrealEngine/Common/DerivedDataCache: Writable
[2019.04.10-20.24.56:224][  0]LogDerivedDataCache: Shared data cache path not found in *engine.ini, will not use an Shared cache.
[2019.04.10-20.24.56:224][  0]LogDerivedDataCache: Unable to find inner node Shared for hierarchical cache Hierarchy.
[2019.04.10-20.24.56:247][  0]LogMaterial: Verifying Global Shaders for PCD3D_SM5
[2019.04.10-20.24.56:250][  0]LogSlate: Using FreeType 2.6.0
[2019.04.10-20.24.56:250][  0]LogSlate: SlateFontServices - WITH_FREETYPE: 1, WITH_HARFBUZZ: 1
[2019.04.10-20.24.56:334][  0]LogAssetRegistry: FAssetRegistry took 0.0273 seconds to start up
[2019.04.10-20.24.56:803][  0]LogInit: Selected Device Profile: [Windows]
[2019.04.10-20.24.56:993][  0]LogSimplygon: Simplygon DLL not present - disabling.
[2019.04.10-20.24.56:998][  0]LogMeshReduction: Using SimplygonSwarm for distributed automatic mesh merging
[2019.04.10-20.24.56:998][  0]LogMeshReduction: Using ProxyLODMeshReduction for automatic mesh merging
[2019.04.10-20.24.56:998][  0]LogMeshReduction: Using QuadricMeshReduction for automatic static mesh reduction
[2019.04.10-20.24.56:998][  0]LogMeshReduction: No automatic skeletal mesh reduction module available
[2019.04.10-20.24.57:017][  0]LogNetVersion: Thieves 1.0.0, NetCL: 4212847, EngineNetVer: 5, GameNetVer: 0 (Checksum: 1537642208)
[2019.04.10-20.24.57:627][  0]LogPackageLocalizationCache: Processed 11 localized package path(s) for 2 prioritized culture(s) in 0.139673 seconds
[2019.04.10-20.24.57:634][  0]LogUObjectArray: 38425 objects as part of root set at end of initial load.
[2019.04.10-20.24.57:634][  0]LogUObjectAllocator: 6690864 out of 0 bytes used by permanent object pool.
[2019.04.10-20.24.57:634][  0]LogUObjectArray: CloseDisregardForGC: 0/0 objects in disregard for GC pool
[2019.04.10-20.24.58:637][  0]LogTcpMessaging: Initializing TcpMessaging bridge
[2019.04.10-20.24.58:651][  0]LogUdpMessaging: Initializing bridge on interface 0.0.0.0:0 to multicast group 230.0.0.1:6666.
[2019.04.10-20.24.58:802][  0]SourceControl: Source control is disabled
[2019.04.10-20.24.58:802][  0]SourceControl: Source control is disabled
[2019.04.10-20.24.58:804][  0]SourceControl: Source control is disabled
[2019.04.10-20.24.58:804][  0]SourceControl: Source control is disabled
[2019.04.10-20.24.58:968][  0]LogAndroidPermission: UAndroidPermissionCallbackProxy::GetInstance
[2019.04.10-20.24.59:107][  0]LogOcInput: OculusInput pre-init called
[2019.04.10-20.24.59:174][  0]LogEngine: Initializing Engine...
[2019.04.10-20.24.59:204][  0]LogHMD: Failed to initialize OpenVR with code 126
[2019.04.10-20.24.59:205][  0]LogStats: UGameplayTagsManager::ConstructGameplayTagTree: ImportINI prefixes -  0.000 s
[2019.04.10-20.24.59:205][  0]LogStats: UGameplayTagsManager::ConstructGameplayTagTree: Construct from data asset -  0.000 s
[2019.04.10-20.24.59:205][  0]LogStats: UGameplayTagsManager::ConstructGameplayTagTree: ImportINI -  0.000 s
[2019.04.10-20.24.59:205][  0]LogStats: UGameplayTagsManager::ConstructGameplayTagTree: GameplayTagTreeChangedEvent.Broadcast -  0.000 s
[2019.04.10-20.24.59:444][  0]LogInit: Initializing FReadOnlyCVARCache
[2019.04.10-20.24.59:458][  0]LogAIModule: Creating AISystem for world Untitled
[2019.04.10-20.24.59:505][  0]LogInit: XAudio2 using 'Speakers (4- M-Audio M-Track 2X2)' : 2 channels at 44.1 kHz using 16 bits per sample (channel mask 0x3)
[2019.04.10-20.24.59:536][  0]LogInit: FAudioDevice initialized.
[2019.04.10-20.24.59:536][  0]LogNetVersion: Set ProjectVersion to 1.0.0.0. Version Checksum will be recalculated on next use.
[2019.04.10-20.24.59:692][  0]LogDerivedDataCache: Saved boot cache 0.16s 71MB C:/Users/Cormac/AppData/Local/UnrealEngine/4.20/DerivedDataCache/Boot.ddc.
[2019.04.10-20.24.59:704][  0]LogInit: Texture streaming: Enabled
[2019.04.10-20.24.59:716][  0]LogEngineSessionManager: EngineSessionManager initialized
[2019.04.10-20.24.59:729][  0]LogInit: Transaction tracking system initialized
[2019.04.10-20.24.59:746][  0]BlueprintLog: New page: Editor Load
[2019.04.10-20.24.59:813][  0]LocalizationService: Localization service is disabled
[2019.04.10-20.24.59:871][  0]LogLinker: Warning: Can't find file '/Game/ThievesContent/ThirdPersonOverview'
[2019.04.10-20.24.59:872][  0]LogLinker: Warning: Can't find file '/Game/ThievesContent/ThirdPersonOverview'
[2019.04.10-20.24.59:872][  0]LogUObjectGlobals: Warning: Failed to find object 'Class /Game/ThievesContent/ThirdPersonOverview.ThirdPersonOverview_C'
[2019.04.10-20.25.00:074][  0]LogCook: Display: Max memory allowance for cook 16384mb min free memory 0mb
[2019.04.10-20.25.00:074][  0]LogCook: Display: Mobile HDR setting 1
[2019.04.10-20.25.00:074][  0]LogGameplayTags: Display: UGameplayTagsManager::DoneAddingNativeTags. DelegateIsBound: 0
[2019.04.10-20.25.00:074][  0]LogStats: UGameplayTagsManager::ConstructGameplayTagTree: ImportINI prefixes -  0.000 s
[2019.04.10-20.25.00:074][  0]LogStats: UGameplayTagsManager::ConstructGameplayTagTree: Construct from data asset -  0.000 s
[2019.04.10-20.25.00:074][  0]LogStats: UGameplayTagsManager::ConstructGameplayTagTree: ImportINI -  0.000 s
[2019.04.10-20.25.00:074][  0]LogStats: UGameplayTagsManager::ConstructGameplayTagTree: GameplayTagTreeChangedEvent.Broadcast -  0.000 s
[2019.04.10-20.25.00:182][  0]LogFileCache: Scanning file cache for directory 'C:/Users/Cormac/Desktop/PIGDE-Thieves/Content/' took 0.02s
[2019.04.10-20.25.00:182][  0]SourceControl: Source control is disabled
[2019.04.10-20.25.00:182][  0]Cmd: MAP LOAD FILE="C:/Users/Cormac/Desktop/PIGDE-Thieves/Content/ThievesContent/Maps/GameMap.umap" TEMPLATE=0 SHOWPROGRESS=1 FEATURELEVEL=3
[2019.04.10-20.25.00:183][  0]LightingResults: New page: Lighting Build
[2019.04.10-20.25.00:185][  0]MapCheck: New page: Map Check
[2019.04.10-20.25.00:185][  0]LightingResults: New page: Lighting Build
[2019.04.10-20.25.01:066][  0]LogAIModule: Creating AISystem for world GameMap
[2019.04.10-20.25.01:082][  0]LogEditorServer: Finished looking for orphan Actors (0.000 secs)
[2019.04.10-20.25.01:114][  0]Cmd: MAP CHECKDEP NOCLEARLOG
[2019.04.10-20.25.01:194][  0]MapCheck: Map check complete: 0 Error(s), 0 Warning(s), took 79.61ms to complete.
[2019.04.10-20.25.01:194][  0]LogFileHelpers: Loading map 'GameMap' took 1.011
[2019.04.10-20.25.01:319][  0]LogSlate: Updating window title bar state: overlay mode, drag disabled, window buttons hidden, title bar hidden
[2019.04.10-20.25.01:330][  0]LogSlate: Updating window title bar state: overlay mode, drag disabled, window buttons hidden, title bar hidden
[2019.04.10-20.25.01:340][  0]LogSlate: Updating window title bar state: overlay mode, drag disabled, window buttons hidden, title bar hidden
[2019.04.10-20.25.01:350][  0]LogSlate: Updating window title bar state: overlay mode, drag disabled, window buttons hidden, title bar hidden
[2019.04.10-20.25.01:358][  0]LogCollectionManager: Loaded 0 collections in 0.001313 seconds
[2019.04.10-20.25.01:403][  0]LogFileCache: Scanning file cache for directory 'C:/Users/Cormac/Desktop/PIGDE-Thieves/Saved/Collections/' took 0.01s
[2019.04.10-20.25.01:403][  0]LogFileCache: Scanning file cache for directory 'C:/Users/Cormac/Desktop/PIGDE-Thieves/Content/Developers/Cormac/Collections/' took 0.01s
[2019.04.10-20.25.01:403][  0]LogFileCache: Scanning file cache for directory 'C:/Users/Cormac/Desktop/PIGDE-Thieves/Content/Collections/' took 0.01s
[2019.04.10-20.25.01:403][  0]LogCollectionManager: Rebuilt the GUID cache for 0 collections in 0.000000 seconds
[2019.04.10-20.25.01:418][  0]LogContentBrowser: Native class hierarchy populated in 0.0148 seconds. Added 2572 classes and 603 folders.
[2019.04.10-20.25.01:425][  0]LogContentBrowser: Native class hierarchy updated for 'WidgetCarousel' in 0.0003 seconds. Added 0 classes and 0 folders.
[2019.04.10-20.25.01:472][  0]LogContentBrowser: Native class hierarchy updated for 'AddContentDialog' in 0.0003 seconds. Added 0 classes and 0 folders.
[2019.04.10-20.25.01:476][  0]LogContentBrowser: Native class hierarchy updated for 'SceneOutliner' in 0.0003 seconds. Added 1 classes and 2 folders.
[2019.04.10-20.25.01:567][  0]LogSlate: Took 0.000227 seconds to synchronously load lazily loaded font '../../../Engine/Content/Slate/Fonts/Roboto-Regular.ttf' (155K)
[2019.04.10-20.25.01:570][  0]LogSlate: Took 0.000254 seconds to synchronously load lazily loaded font '../../../Engine/Content/Slate/Fonts/Roboto-Bold.ttf' (160K)
[2019.04.10-20.25.01:579][  0]LogSlate: Took 0.000296 seconds to synchronously load lazily loaded font '../../../Engine/Content/Editor/Slate/Fonts/FontAwesome.ttf' (139K)
[2019.04.10-20.25.01:687][  0]LogRenderer: Reallocating scene render targets to support 1204x624 Format 10 NumSamples 1 (Frame:1).
[2019.04.10-20.25.01:811][  0]LogContentBrowser: Native class hierarchy updated for 'HierarchicalLODOutliner' in 0.0002 seconds. Added 0 classes and 0 folders.
[2019.04.10-20.25.01:811][  0]LogLoad: (Engine Initialization) Total time: 11.28 seconds
[2019.04.10-20.25.01:811][  0]LogLoad: (Engine Initialization) Total Blueprint compile time: 0.00 seconds
[2019.04.10-20.25.01:830][  0]LogWindowsTextInputMethodSystem: Display: IME system now deactivated.
[2019.04.10-20.25.01:832][  0]LogSlate: New Slate User Created.  User Index 1, Is Virtual User: 0
[2019.04.10-20.25.01:832][  0]LogSlate: Slate User Registered.  User Index 1, Is Virtual User: 0
[2019.04.10-20.25.01:855][  0]LogContentStreaming: Texture pool size now 1000 MB
[2019.04.10-20.25.01:870][  0]LogSlate: Took 0.000196 seconds to synchronously load lazily loaded font '../../../Engine/Content/Slate/Fonts/Roboto-Light.ttf' (167K)
[2019.04.10-20.25.01:913][  2]LogAssetRegistry: Asset discovery search completed in 5.6009 seconds
[2019.04.10-20.25.01:915][  2]LogCollectionManager: Rebuilt the object cache for 0 collections in 0.000000 seconds (found 0 objects)
[2019.04.10-20.25.01:915][  2]LogCollectionManager: Fixed up redirectors for 0 collections in 0.000072 seconds (updated 0 objects)
[2019.04.10-20.25.03:736][111]LogSlate: FSceneViewport::OnFocusLost() reason 0
[2019.04.10-20.25.03:786][114]LogTemp: Repeating last play command: Selected Viewport
[2019.04.10-20.25.03:804][114]LogBlueprintUserMessages: Early PlayInEditor Detection: Level '/Game/ThievesContent/Maps/GameMap.GameMap:PersistentLevel' has LevelScriptBlueprint '/Game/ThievesContent/Maps/GameMap.GameMap:PersistentLevel.GameMap' with GeneratedClass '/Game/ThievesContent/Maps/GameMap.GameMap_C' with ClassGeneratedBy '/Game/ThievesContent/Maps/GameMap.GameMap:PersistentLevel.GameMap'
[2019.04.10-20.25.03:804][114]LogPlayLevel: PlayLevel: No blueprints needed recompiling
[2019.04.10-20.25.03:816][114]PIE: New page: PIE session: GameMap (10 Apr 2019 22:25:03)
[2019.04.10-20.25.03:816][114]LogPlayLevel: Creating play world package: /Game/ThievesContent/Maps/UEDPIE_0_GameMap
[2019.04.10-20.25.03:841][114]LogPlayLevel: PIE: StaticDuplicateObject took: (0.024800s)
[2019.04.10-20.25.03:842][114]LogAIModule: Creating AISystem for world GameMap
[2019.04.10-20.25.03:842][114]LogPlayLevel: PIE: World Init took: (0.001156s)
[2019.04.10-20.25.03:842][114]LogPlayLevel: PIE: Created PIE world by copying editor world from /Game/ThievesContent/Maps/GameMap.GameMap to /Game/ThievesContent/Maps/UEDPIE_0_GameMap.GameMap (0.026158s)
[2019.04.10-20.25.03:918][114]LogInit: XAudio2 using 'Speakers (4- M-Audio M-Track 2X2)' : 2 channels at 44.1 kHz using 16 bits per sample (channel mask 0x3)
[2019.04.10-20.25.03:926][114]LogInit: FAudioDevice initialized.
[2019.04.10-20.25.03:969][114]LogLoad: Game class is 'ThirdPersonGameMode_C'
[2019.04.10-20.25.03:972][114]LogWorld: Bringing World /Game/ThievesContent/Maps/UEDPIE_0_GameMap.GameMap up for play (max tick rate 60) at 2019.04.10-21.25.03
[2019.04.10-20.25.03:972][114]LogWorld: Bringing up level for play took: 0.001582
[2019.04.10-20.25.03:988][114]LogContentBrowser: Native class hierarchy updated for 'MovieSceneCapture' in 0.0003 seconds. Added 10 classes and 0 folders.
[2019.04.10-20.25.03:988][114]LogPlayerManagement: Error: Failed to Create Player: A local player already exists for controller ID 0,
[2019.04.10-20.25.03:994][114]LogSlate: New Slate User Created.  User Index 2, Is Virtual User: 0
[2019.04.10-20.25.03:994][114]LogSlate: Slate User Registered.  User Index 2, Is Virtual User: 0
[2019.04.10-20.25.03:997][114]LogSlate: New Slate User Created.  User Index 3, Is Virtual User: 0
[2019.04.10-20.25.03:997][114]LogSlate: Slate User Registered.  User Index 3, Is Virtual User: 0
[2019.04.10-20.25.04:000][114]PIE: Play in editor start time for /Game/ThievesContent/Maps/UEDPIE_0_GameMap 0.968
[2019.04.10-20.25.04:001][114]LogBlueprintUserMessages: Late PlayInEditor Detection: Level '/Game/ThievesContent/Maps/GameMap.GameMap:PersistentLevel' has LevelScriptBlueprint '/Game/ThievesContent/Maps/GameMap.GameMap:PersistentLevel.GameMap' with GeneratedClass '/Game/ThievesContent/Maps/GameMap.GameMap_C' with ClassGeneratedBy '/Game/ThievesContent/Maps/GameMap.GameMap:PersistentLevel.GameMap'
[2019.04.10-20.25.11:010][533]LogBlueprintUserMessages: [ChildActor_GEN_VARIABLE_KeyHeld_C_CAT_0] Other Player Touched Key
[2019.04.10-20.25.11:663][572]LogBlueprintUserMessages: Early EndPlayMap Detection: Level '/Game/ThievesContent/Maps/GameMap.GameMap:PersistentLevel' has LevelScriptBlueprint '/Game/ThievesContent/Maps/GameMap.GameMap:PersistentLevel.GameMap' with GeneratedClass '/Game/ThievesContent/Maps/GameMap.GameMap_C' with ClassGeneratedBy '/Game/ThievesContent/Maps/GameMap.GameMap:PersistentLevel.GameMap'
[2019.04.10-20.25.11:663][572]LogSlate: Updating window title bar state: overlay mode, drag disabled, window buttons hidden, title bar hidden
[2019.04.10-20.25.11:699][572]LogPlayLevel: Display: Shutting down PIE online subsystems
[2019.04.10-20.25.11:700][572]LogBlueprintUserMessages: Late EndPlayMap Detection: Level '/Game/ThievesContent/Maps/GameMap.GameMap:PersistentLevel' has LevelScriptBlueprint '/Game/ThievesContent/Maps/GameMap.GameMap:PersistentLevel.GameMap' with GeneratedClass '/Game/ThievesContent/Maps/GameMap.GameMap_C' with ClassGeneratedBy '/Game/ThievesContent/Maps/GameMap.GameMap:PersistentLevel.GameMap'
[2019.04.10-20.25.11:728][572]LogSlate: Updating window title bar state: overlay mode, drag disabled, window buttons hidden, title bar hidden
[2019.04.10-20.25.11:780][574]LogPlayLevel: Display: Destroying online subsystem :Context_1
[2019.04.10-20.25.12:930][643]LogSlate: FSceneViewport::OnFocusLost() reason 0
